String found in comment f1il3ss
replied to comment f1il3ss
String found in comment f1j00cx
replied to comment f1j00cx
String found in comment f1jixxy
replied to comment f1jixxy
String found in comment f1jkl61
replied to comment f1jkl61
String found in comment f1jn7gr
replied to comment f1jn7gr
String found in commentf1jnoyz
replied to comment f1jnoyz
String found in commentf1l10xn
replied to comment f1l10xn
String found in comment f1l55xn
replied to comment f1l55xn
String found in comment f1l59cl
replied to comment f1l59cl
String found in comment f1l6f97
replied to comment f1l6f97
String found in comment f1l6kee
replied to comment f1l6kee
String found in comment f1l70mm
replied to comment f1l70mm
String found in comment f1l7m4i
replied to comment f1l7m4i
String found in comment f1l7rx2
replied to comment f1l7rx2
String found in comment f1l867o
replied to comment f1l867o
String found in commentf1l8k8x
replied to comment f1l8k8x
String found in comment f1l8tjm
replied to comment f1l8tjm
String found in comment f1l9m1n
replied to comment f1l9m1n
String found in comment f1lbk27
replied to comment f1lbk27
String found in comment f1legp7
replied to comment f1legp7
String found in comment f1leh3x
replied to comment f1leh3x
String found in comment f1ljsrf
replied to comment f1ljsrf
String found in commentf1llo8v
replied to comment f1llo8v
String found in comment f1lpexs
replied to comment f1lpexs
String found in comment f1lqhtq
replied to comment f1lqhtq
String found in comment f1ltstz
replied to comment f1ltstz
String found in comment f1lytoz
replied to comment f1lytoz
String found in comment f1lzgdr
replied to comment f1lzgdr
String found in comment f1m0hvz
replied to comment f1m0hvz
String found in comment f1m1t0r
replied to comment f1m1t0r
String found in comment f1m6vgu
replied to comment f1m6vgu
String found in comment f1m7nhy
replied to comment f1m7nhy
String found in comment f1m8wia
replied to comment f1m8wia
String found in comment f1m91lq
replied to comment f1m91lq
String found in comment f1mabvr
replied to comment f1mabvr
String found in comment f1mdift
replied to comment f1mdift
String found in comment f1mee1m
replied to comment f1mee1m
String found in commentf1mg54u
replied to comment f1mg54u
String found in comment f1mh8j3
replied to comment f1mh8j3
String found in comment f1mi5y6
replied to comment f1mi5y6
String found in comment f1mlkg4
replied to comment f1mlkg4
String found in comment f1mm0mv
replied to comment f1mm0mv
String found in comment f1mn6qm
replied to comment f1mn6qm
String found in comment f1mohtk
replied to comment f1mohtk
String found in comment f1mu85a
replied to comment f1mu85a
String found in comment f1mukuv
replied to comment f1mukuv
String found in comment f1muz3k
replied to comment f1muz3k
String found in comment f1mwbc6
replied to comment f1mwbc6
String found in comment f1mx6af
replied to comment f1mx6af
String found in comment f1n1y7x
replied to comment f1n1y7x
String found in commentf1n25cj
replied to comment f1n25cj
String found in comment f1n391r
replied to comment f1n391r
String found in comment f1n3iy1
replied to comment f1n3iy1
String found in comment f1nae5y
replied to comment f1nae5y
String found in comment f1nb9o7
replied to comment f1nb9o7
String found in comment f1ncmnm
replied to comment f1ncmnm
String found in comment f1ng211
replied to comment f1ng211
String found in comment f1ni2sv
replied to comment f1ni2sv
String found in comment f1o69ru
replied to comment f1o69ru
String found in comment f1oe8fw
replied to comment f1oe8fw
String found in comment f1ogoeq
replied to comment f1ogoeq
String found in comment f1oqc1m
replied to comment f1oqc1m
String found in comment f1ouoio
replied to comment f1ouoio
String found in comment f1oy4lc
replied to comment f1oy4lc
String found in commentf1ozo7w
replied to comment f1ozo7w
String found in comment f1pg8bp
replied to comment f1pg8bp
String found in comment f1pmzkz
replied to comment f1pmzkz
String found in commentf1potoe
replied to comment f1potoe
String found in commentf1pqcp7
replied to comment f1pqcp7
String found in comment f1pre15
replied to comment f1pre15
String found in commentf1ptpnw
replied to comment f1ptpnw
String found in comment f1q1vrx
replied to comment f1q1vrx
String found in commentf1q6aw3
replied to comment f1q6aw3
String found in commentf1q6gc9
replied to comment f1q6gc9
String found in commentf1q6y0r
replied to comment f1q6y0r
String found in comment f1q9buu
replied to comment f1q9buu
String found in comment f1qr8cj
replied to comment f1qr8cj
String found in commentf1qvc4g
replied to comment f1qvc4g
String found in comment f1rd63y
replied to comment f1rd63y
String found in comment f1rx1en
replied to comment f1rx1en
String found in comment f1s49pc
replied to comment f1s49pc
String found in comment f1sg4ni
replied to comment f1sg4ni
String found in comment f1t9dle
replied to comment f1t9dle
String found in comment f1tir9x
replied to comment f1tir9x
String found in comment f1u7br9
replied to comment f1u7br9
String found in comment f1uae7w
replied to comment f1uae7w
String found in comment f1ukaej
replied to comment f1ukaej
String found in comment f1usixd
replied to comment f1usixd
String found in comment f1vgz1a
replied to comment f1vgz1a
String found in comment f1vk4x4
replied to comment f1vk4x4
String found in commentf1voff5
replied to comment f1voff5
String found in commentf1vx82e
replied to comment f1vx82e
String found in comment f1wjf0f
replied to comment f1wjf0f
String found in comment f1wuy4e
replied to comment f1wuy4e
String found in comment f1x9fhu
replied to comment f1x9fhu
String found in commentf1xcmdb
replied to comment f1xcmdb
String found in comment f1xh2hd
replied to comment f1xh2hd
String found in commentf1y50sc
replied to comment f1y50sc
String found in comment f1ybi3g
replied to comment f1ybi3g
String found in commentf1z4hjy
replied to comment f1z4hjy
String found in comment f1zngnm
replied to comment f1zngnm
String found in comment f20lnuu
replied to comment f20lnuu
String found in comment f20wbws
replied to comment f20wbws
String found in comment f21fxwa
replied to comment f21fxwa
String found in commentf21imqd
replied to comment f21imqd
String found in comment f2206mg
replied to comment f2206mg
String found in comment f22675a
replied to comment f22675a
String found in comment f22dhmy
replied to comment f22dhmy
String found in comment f22djyy
replied to comment f22djyy
String found in comment f22dlt3
replied to comment f22dlt3
String found in comment f22dsqm
replied to comment f22dsqm
String found in comment f22jdd5
Traceback (most recent call last):
  File "LTT.py", line 257, in <module>
    run_bot(r, comments_replied_to, get_random_line, WholeWord)
  File "LTT.py", line 125, in run_bot
    comment.reply(get_random_line(f))
  File "/home/pi/.local/lib/python3.7/site-packages/praw/models/reddit/mixins/replyable.py", line 33, in reply
    comments = self._reddit.post(API_PATH["comment"], data=data)
  File "/home/pi/.local/lib/python3.7/site-packages/praw/reddit.py", line 529, in post
    return self._objector.objectify(data)
  File "/home/pi/.local/lib/python3.7/site-packages/praw/objector.py", line 158, in objectify
    raise APIException(*errors[0])
praw.exceptions.APIException: DELETED_COMMENT: 'that comment has been deleted' on field 'parent'
String found in comment f28cp96
replied to comment f28cp96
String found in commentf28cxk8
replied to comment f28cxk8
String found in comment f28fo7c
replied to comment f28fo7c
String found in commentf28g9zc
replied to comment f28g9zc
String found in comment f290cxg
replied to comment f290cxg
String found in comment f291j1k
replied to comment f291j1k
String found in commentf292f4x
replied to comment f292f4x
String found in commentf294n8t
replied to comment f294n8t
String found in comment f296hf4
replied to comment f296hf4
String found in comment f29oaki
replied to comment f29oaki
String found in comment f29rquu
replied to comment f29rquu
String found in commentf29vfo7
replied to comment f29vfo7
String found in comment f2acwlw
replied to comment f2acwlw
String found in comment f2boe1d
replied to comment f2boe1d
String found in comment f2bwpi8
replied to comment f2bwpi8
String found in comment f2d3i4u
replied to comment f2d3i4u
String found in comment f2dct3r
replied to comment f2dct3r
String found in comment f2di58r
replied to comment f2di58r
String found in comment f2dlhhb
replied to comment f2dlhhb
String found in comment f2dovig
replied to comment f2dovig
String found in comment f2dusbp
replied to comment f2dusbp
String found in comment f2e0w6f
replied to comment f2e0w6f
String found in comment f2e1b39
replied to comment f2e1b39
String found in commentf2e1cjm
replied to comment f2e1cjm
String found in comment f2e43og
replied to comment f2e43og
String found in commentf2e44ff
replied to comment f2e44ff
String found in comment f2easl5
replied to comment f2easl5
String found in comment f2eb918
replied to comment f2eb918
String found in comment f2ee4ma
replied to comment f2ee4ma
String found in comment f2ehb5x
replied to comment f2ehb5x
String found in comment f2ei3sp
replied to comment f2ei3sp
String found in comment f2el504
replied to comment f2el504
String found in comment f2ev8xd
replied to comment f2ev8xd
String found in comment f2f3zpr
replied to comment f2f3zpr
String found in comment f2f6r3i
replied to comment f2f6r3i
String found in comment f2f785l
replied to comment f2f785l
String found in comment f2f7gxt
replied to comment f2f7gxt
String found in commentf2fa69n
replied to comment f2fa69n
String found in comment f2fcal3
replied to comment f2fcal3
String found in comment f2fceff
replied to comment f2fceff
String found in comment f2fcu98
replied to comment f2fcu98
String found in comment f2fd89m
replied to comment f2fd89m
String found in comment f2flhpb
replied to comment f2flhpb
String found in comment f2fmu43
replied to comment f2fmu43
String found in comment f2g5wwo
replied to comment f2g5wwo
String found in comment f2ibiyv
replied to comment f2ibiyv
String found in commentf2jtx2l
replied to comment f2jtx2l
String found in comment f2k2a1i
replied to comment f2k2a1i
String found in comment f2k32px
replied to comment f2k32px
String found in comment f2k4fg9
replied to comment f2k4fg9
String found in comment f2lr0dt
replied to comment f2lr0dt
String found in commentf2m3pn7
replied to comment f2m3pn7
Traceback (most recent call last):
  File "LTT.py", line 257, in <module>
    run_bot(r, comments_replied_to, get_random_line, WholeWord)
  File "LTT.py", line 71, in run_bot
    for comment in r.subreddit('WetlanderHumor').comments(limit=10):
  File "/home/pi/.local/lib/python3.7/site-packages/praw/models/listing/generator.py", line 52, in __next__
    self._next_batch()
  File "/home/pi/.local/lib/python3.7/site-packages/praw/models/listing/generator.py", line 62, in _next_batch
    self._listing = self._reddit.get(self.url, params=self.params)
  File "/home/pi/.local/lib/python3.7/site-packages/praw/reddit.py", line 446, in get
    data = self.request("GET", path, params=params)
  File "/home/pi/.local/lib/python3.7/site-packages/praw/reddit.py", line 581, in request
    method, path, data=data, files=files, params=params
  File "/home/pi/.local/lib/python3.7/site-packages/prawcore/sessions.py", line 185, in request
    params=params, url=url)
  File "/home/pi/.local/lib/python3.7/site-packages/prawcore/sessions.py", line 128, in _request_with_retries
    retries, saved_exception, url)
  File "/home/pi/.local/lib/python3.7/site-packages/prawcore/sessions.py", line 94, in _do_retry
    params=params, url=url, retries=retries - 1)
  File "/home/pi/.local/lib/python3.7/site-packages/prawcore/sessions.py", line 128, in _request_with_retries
    retries, saved_exception, url)
  File "/home/pi/.local/lib/python3.7/site-packages/prawcore/sessions.py", line 94, in _do_retry
    params=params, url=url, retries=retries - 1)
  File "/home/pi/.local/lib/python3.7/site-packages/prawcore/sessions.py", line 130, in _request_with_retries
    raise self.STATUS_EXCEPTIONS[response.status_code](response)
prawcore.exceptions.ServerError: received 503 HTTP response
String found in commentf2ozfdn
replied to comment f2ozfdn
String found in comment f2onz1n
replied to comment f2onz1n
String found in commentf2omqn2
replied to comment f2omqn2
String found in comment f2pmtxh
replied to comment f2pmtxh
String found in comment f2psqxw
replied to comment f2psqxw
String found in comment f2pt5y9
replied to comment f2pt5y9
String found in commentf2pta6f
replied to comment f2pta6f
String found in commentf2qamqg
replied to comment f2qamqg
String found in comment f2r2hco
replied to comment f2r2hco
String found in commentf2qpv9n
replied to comment f2qpv9n
String found in commentf2su8kd
replied to comment f2su8kd
String found in commentf2t1m1t
replied to comment f2t1m1t
String found in commentf2t2rjr
replied to comment f2t2rjr
String found in comment f2tfrua
replied to comment f2tfrua
String found in comment f2tkw0g
replied to comment f2tkw0g
String found in comment f2tlw6f
replied to comment f2tlw6f
String found in comment f2trht4
replied to comment f2trht4
String found in comment f2tsy6m
replied to comment f2tsy6m
String found in comment f2twx04
replied to comment f2twx04
String found in comment f2tx4d7
replied to comment f2tx4d7
String found in comment f2tx7ya
replied to comment f2tx7ya
String found in comment f2txspq
replied to comment f2txspq
String found in comment f2tzf59
replied to comment f2tzf59
String found in commentf2u6tsb
replied to comment f2u6tsb
String found in comment f2u6x8b
replied to comment f2u6x8b
String found in comment f2u77yq
replied to comment f2u77yq
String found in commentf2u7ak0
replied to comment f2u7ak0
String found in comment f2u93xi
replied to comment f2u93xi
String found in comment f2u9l34
replied to comment f2u9l34
String found in comment f2u9lpp
replied to comment f2u9lpp
String found in comment f2ubl35
replied to comment f2ubl35
String found in commentf2udy8o
replied to comment f2udy8o
String found in comment f2ufji5
replied to comment f2ufji5
String found in comment f2ugibs
replied to comment f2ugibs
String found in commentf2ugyei
replied to comment f2ugyei
String found in comment f2um8w0
replied to comment f2um8w0
String found in comment f2uoo7v
replied to comment f2uoo7v
String found in comment f2ur0up
replied to comment f2ur0up
String found in comment f2ur4ft
replied to comment f2ur4ft
String found in comment f2ur606
replied to comment f2ur606
String found in comment f2us3mu
replied to comment f2us3mu
String found in comment f2utymc
replied to comment f2utymc
String found in comment f2uzyx4
replied to comment f2uzyx4
String found in comment f2v0lmj
replied to comment f2v0lmj
String found in comment f2vb6g4
replied to comment f2vb6g4
String found in comment f2vi0zo
replied to comment f2vi0zo
String found in comment f2vihju
replied to comment f2vihju
String found in comment f2w2tuc
replied to comment f2w2tuc
String found in comment f2wcwa1
replied to comment f2wcwa1
String found in comment f2wdbla
replied to comment f2wdbla
String found in comment f2weo71
replied to comment f2weo71
String found in comment f2xcgux
replied to comment f2xcgux
String found in comment f2xvfeb
replied to comment f2xvfeb
String found in commentf2xzzmh
replied to comment f2xzzmh
String found in comment f2y0wz3
replied to comment f2y0wz3
String found in comment f2y8kee
replied to comment f2y8kee
String found in commentf2y9gdu
replied to comment f2y9gdu
String found in commentf2yhm14
replied to comment f2yhm14
String found in comment f2yv8h3
replied to comment f2yv8h3
String found in comment f2yxut6
replied to comment f2yxut6
String found in commentf2z0zqq
replied to comment f2z0zqq
String found in comment f2zetf9
replied to comment f2zetf9
String found in comment f2zok4t
replied to comment f2zok4t
String found in comment f2ztbwc
replied to comment f2ztbwc
String found in comment f2ztlkh
replied to comment f2ztlkh
String found in comment f30qzxk
replied to comment f30qzxk
String found in commentf320co9
replied to comment f320co9
String found in comment f3225km
replied to comment f3225km
String found in comment f324em3
replied to comment f324em3
String found in comment f324p1e
replied to comment f324p1e
String found in comment f32lifc
replied to comment f32lifc
String found in comment f32pzrw
replied to comment f32pzrw
String found in comment f32q6ah
replied to comment f32q6ah
String found in comment f32tt8y
replied to comment f32tt8y
String found in comment f32x5xb
replied to comment f32x5xb
String found in commentf32ze7s
replied to comment f32ze7s
String found in comment f33ex3j
replied to comment f33ex3j
String found in comment f34b3zh
replied to comment f34b3zh
String found in comment f34i9qe
replied to comment f34i9qe
String found in commentf34mb5a
replied to comment f34mb5a
String found in comment f34pnli
replied to comment f34pnli
String found in comment f35j4nd
replied to comment f35j4nd
String found in commentf35uedb
replied to comment f35uedb
String found in comment f37xltu
replied to comment f37xltu
String found in commentf381zdh
replied to comment f381zdh
String found in comment f38bmyt
replied to comment f38bmyt
String found in comment f3agv7q
replied to comment f3agv7q
String found in comment f3ahgp5
replied to comment f3ahgp5
String found in comment f3aphpm
replied to comment f3aphpm
String found in comment f3arhl1
replied to comment f3arhl1
String found in comment f3avebb
replied to comment f3avebb
String found in comment f3avqa1
replied to comment f3avqa1
String found in comment f3b6itt
replied to comment f3b6itt
String found in comment f3c3ovd
replied to comment f3c3ovd
String found in comment f3c56rz
replied to comment f3c56rz
String found in comment f3ccap5
replied to comment f3ccap5
String found in comment f3cfrdr
replied to comment f3cfrdr
String found in comment f3chak3
replied to comment f3chak3
String found in comment f3cib0m
replied to comment f3cib0m
String found in comment f3cl2b1
replied to comment f3cl2b1
String found in comment f3cvpsg
replied to comment f3cvpsg
String found in comment f3d1jbo
replied to comment f3d1jbo
String found in comment f3d1s78
replied to comment f3d1s78
String found in comment f3d1u9z
replied to comment f3d1u9z
String found in comment f3d3gl1
replied to comment f3d3gl1
String found in comment f3d5sgf
replied to comment f3d5sgf
String found in comment f3dap4y
replied to comment f3dap4y
String found in comment f3dn6sl
replied to comment f3dn6sl
String found in comment f3dnbfl
replied to comment f3dnbfl
String found in comment f3dsfj8
replied to comment f3dsfj8
String found in comment f3dvkl8
replied to comment f3dvkl8
String found in commentf3dxo4n
replied to comment f3dxo4n
String found in comment f3e99ji
replied to comment f3e99ji
String found in comment f3ep5fe
replied to comment f3ep5fe
String found in comment f3fqegw
replied to comment f3fqegw
String found in comment f3fu333
replied to comment f3fu333
String found in comment f3g5hd8
replied to comment f3g5hd8
String found in comment f3gwgvi
replied to comment f3gwgvi
String found in comment f3gzczj
replied to comment f3gzczj
String found in comment f3gze3q
replied to comment f3gze3q
String found in comment f3hfyha
replied to comment f3hfyha
String found in comment f3in5a2
replied to comment f3in5a2
String found in comment f3iv8sw
replied to comment f3iv8sw
String found in comment f3ivjy9
replied to comment f3ivjy9
String found in comment f3jg0t7
replied to comment f3jg0t7
String found in comment f3kkkno
replied to comment f3kkkno
String found in comment f3kkqm4
replied to comment f3kkqm4
String found in comment f3lp3ux
replied to comment f3lp3ux
String found in commentf3m0nuh
replied to comment f3m0nuh
String found in comment f3m10jn
replied to comment f3m10jn
String found in comment f3mec89
replied to comment f3mec89
String found in comment f3o344q
replied to comment f3o344q
String found in commentf3ogueb
replied to comment f3ogueb
String found in commentf3oh1wc
replied to comment f3oh1wc
String found in comment f3ohnfv
replied to comment f3ohnfv
String found in comment f3oke94
replied to comment f3oke94
String found in comment f3ooxvr
replied to comment f3ooxvr
String found in comment f3osia8
replied to comment f3osia8
String found in commentf3ozhbn
replied to comment f3ozhbn
String found in commentf3pcyy7String found in comment f3r1jbo
replied to comment f3r1jbo
String found in comment f3qzkpw
replied to comment f3qzkpw
String found in comment f3qwapv
replied to comment f3qwapv
String found in comment f3qrqnh
replied to comment f3qrqnh
String found in commentf3r7zy4
replied to comment f3r7zy4
String found in comment f3rmvt0
replied to comment f3rmvt0
String found in commentf3ropr7
replied to comment f3ropr7
String found in comment f3rr0su
replied to comment f3rr0su
String found in comment f3rseco
replied to comment f3rseco
String found in commentf3rum90
replied to comment f3rum90
String found in comment f3rzdhe
replied to comment f3rzdhe
String found in comment f3rzkgd
replied to comment f3rzkgd
String found in comment f3s2v9q
replied to comment f3s2v9q
String found in commentf3s2x79
replied to comment f3s2x79
String found in comment f3s59h4
replied to comment f3s59h4
String found in comment f3sa02l
replied to comment f3sa02l
String found in commentf3sagto
replied to comment f3sagto
String found in commentf3sp3rz
replied to comment f3sp3rz
String found in comment f3sp71r
replied to comment f3sp71r
String found in comment f3stxmr
replied to comment f3stxmr
String found in comment f3swedk
replied to comment f3swedk
String found in comment f3swt5s
replied to comment f3swt5s
String found in comment f3t8o3v
replied to comment f3t8o3v
String found in comment f3tildv
replied to comment f3tildv
String found in commentf3tz7q3
replied to comment f3tz7q3
String found in comment f3u44v0
replied to comment f3u44v0
String found in comment f3u58fj
replied to comment f3u58fj
String found in comment f3ug9we
replied to comment f3ug9we
String found in comment f3uh0al
replied to comment f3uh0al
String found in comment f3uqfgr
replied to comment f3uqfgr
String found in comment f3usmok
replied to comment f3usmok
String found in comment f3uu8yx
replied to comment f3uu8yx
String found in comment f3uupkb
replied to comment f3uupkb
String found in comment f3uuv6x
replied to comment f3uuv6x
String found in comment f3ux2oq
replied to comment f3ux2oq
String found in comment f3v0nim
replied to comment f3v0nim
String found in comment f3v12cv
replied to comment f3v12cv
String found in comment f3v1qz7
replied to comment f3v1qz7
String found in comment f3v2aok
replied to comment f3v2aok
String found in comment f3v2f6i
replied to comment f3v2f6i
String found in comment f3v7bo1
replied to comment f3v7bo1
String found in comment f3vh4mi
replied to comment f3vh4mi
String found in comment f3vjivq
replied to comment f3vjivq
String found in comment f3vjy70
replied to comment f3vjy70
String found in comment f3vl206
replied to comment f3vl206
String found in comment f3w9byf
replied to comment f3w9byf
String found in comment f3wjxqi
replied to comment f3wjxqi
String found in comment f3wkn26
replied to comment f3wkn26
String found in comment f3wqnuk
replied to comment f3wqnuk
String found in comment f3wv3u7
replied to comment f3wv3u7
String found in comment f3wyttr
replied to comment f3wyttr
String found in comment f3wzv7c
replied to comment f3wzv7c
String found in comment f3x0z8q
replied to comment f3x0z8q
String found in comment f3xeapf
replied to comment f3xeapf
String found in commentf3xgl07
replied to comment f3xgl07
String found in comment f3xgn1m
replied to comment f3xgn1m
String found in comment f3xgqai
replied to comment f3xgqai
String found in comment f3xn02f
replied to comment f3xn02f
String found in comment f3ypnbk
replied to comment f3ypnbk
String found in comment f3yw136
replied to comment f3yw136
String found in comment f3z8knt
replied to comment f3z8knt
String found in comment f3zzeg5
replied to comment f3zzeg5
String found in comment f3zzxah
replied to comment f3zzxah
String found in comment f400btj
replied to comment f400btj
String found in comment f401923
replied to comment f401923
String found in comment f404b77
replied to comment f404b77
String found in commentf405p4q
replied to comment f405p4q
String found in comment f406ie1
replied to comment f406ie1
String found in comment f406mlm
replied to comment f406mlm
String found in comment f40b9qc
replied to comment f40b9qc
String found in comment f40lgvu
replied to comment f40lgvu
String found in comment f413u0x
replied to comment f413u0x
String found in comment f416syy
replied to comment f416syy
String found in comment f41og9y
replied to comment f41og9y
String found in comment f42bt9v
replied to comment f42bt9v
String found in comment f42cmc8
replied to comment f42cmc8
String found in comment f42qv1k
replied to comment f42qv1k
String found in comment f4342tn
replied to comment f4342tn
String found in commentf43z79v
replied to comment f43z79v
String found in comment f4453ze
replied to comment f4453ze
String found in comment f44dn2y
replied to comment f44dn2y
String found in comment f44fecw
replied to comment f44fecw
String found in comment f44pjcw
replied to comment f44pjcw
String found in comment f44szrm
replied to comment f44szrm
String found in comment f44xwxs
replied to comment f44xwxs
String found in commentf44yni6
replied to comment f44yni6
String found in comment f44zwe0
replied to comment f44zwe0
String found in comment f45ajuy
replied to comment f45ajuy
String found in comment f45pemk
replied to comment f45pemk
String found in commentf464m7o
replied to comment f464m7o
String found in comment f47eatd
replied to comment f47eatd
String found in comment f47emat
replied to comment f47emat
Traceback (most recent call last):
  File "LTT.py", line 257, in <module>
    run_bot(r, comments_replied_to, get_random_line, WholeWord)
  File "LTT.py", line 71, in run_bot
    for comment in r.subreddit('WetlanderHumor').comments(limit=10):
  File "/home/pi/.local/lib/python3.7/site-packages/praw/models/listing/generator.py", line 52, in __next__
    self._next_batch()
  File "/home/pi/.local/lib/python3.7/site-packages/praw/models/listing/generator.py", line 62, in _next_batch
    self._listing = self._reddit.get(self.url, params=self.params)
  File "/home/pi/.local/lib/python3.7/site-packages/praw/reddit.py", line 446, in get
    data = self.request("GET", path, params=params)
  File "/home/pi/.local/lib/python3.7/site-packages/praw/reddit.py", line 581, in request
    method, path, data=data, files=files, params=params
  File "/home/pi/.local/lib/python3.7/site-packages/prawcore/sessions.py", line 185, in request
    params=params, url=url)
  File "/home/pi/.local/lib/python3.7/site-packages/prawcore/sessions.py", line 128, in _request_with_retries
    retries, saved_exception, url)
  File "/home/pi/.local/lib/python3.7/site-packages/prawcore/sessions.py", line 94, in _do_retry
    params=params, url=url, retries=retries - 1)
  File "/home/pi/.local/lib/python3.7/site-packages/prawcore/sessions.py", line 128, in _request_with_retries
    retries, saved_exception, url)
  File "/home/pi/.local/lib/python3.7/site-packages/prawcore/sessions.py", line 94, in _do_retry
    params=params, url=url, retries=retries - 1)
  File "/home/pi/.local/lib/python3.7/site-packages/prawcore/sessions.py", line 130, in _request_with_retries
    raise self.STATUS_EXCEPTIONS[response.status_code](response)
prawcore.exceptions.ServerError: received 503 HTTP response
String found in comment f4jgt3t
replied to comment f4jgt3t
String found in comment f4jzj6p
replied to comment f4jzj6p
String found in comment f4l6ic2
replied to comment f4l6ic2
String found in comment f4lqz9e
replied to comment f4lqz9e
String found in comment f4lrgf7
replied to comment f4lrgf7
String found in comment f4m63s5
replied to comment f4m63s5
String found in comment f4n767x
replied to comment f4n767x
String found in comment f4ngrki
replied to comment f4ngrki
Traceback (most recent call last):
  File "LTT.py", line 257, in <module>
    run_bot(r, comments_replied_to, get_random_line, WholeWord)
  File "LTT.py", line 71, in run_bot
    for comment in r.subreddit('WetlanderHumor').comments(limit=10):
  File "/home/pi/.local/lib/python3.7/site-packages/praw/models/listing/generator.py", line 52, in __next__
    self._next_batch()
  File "/home/pi/.local/lib/python3.7/site-packages/praw/models/listing/generator.py", line 62, in _next_batch
    self._listing = self._reddit.get(self.url, params=self.params)
  File "/home/pi/.local/lib/python3.7/site-packages/praw/reddit.py", line 446, in get
    data = self.request("GET", path, params=params)
  File "/home/pi/.local/lib/python3.7/site-packages/praw/reddit.py", line 581, in request
    method, path, data=data, files=files, params=params
  File "/home/pi/.local/lib/python3.7/site-packages/prawcore/sessions.py", line 185, in request
    params=params, url=url)
  File "/home/pi/.local/lib/python3.7/site-packages/prawcore/sessions.py", line 116, in _request_with_retries
    data, files, json, method, params, retries, url)
  File "/home/pi/.local/lib/python3.7/site-packages/prawcore/sessions.py", line 101, in _make_request
    params=params)
  File "/home/pi/.local/lib/python3.7/site-packages/prawcore/rate_limit.py", line 35, in call
    kwargs['headers'] = set_header_callback()
  File "/home/pi/.local/lib/python3.7/site-packages/prawcore/sessions.py", line 145, in _set_header_callback
    self._authorizer.refresh()
  File "/home/pi/.local/lib/python3.7/site-packages/prawcore/auth.py", line 328, in refresh
    password=self._password)
  File "/home/pi/.local/lib/python3.7/site-packages/prawcore/auth.py", line 138, in _request_token
    response = self._authenticator._post(url, **data)
  File "/home/pi/.local/lib/python3.7/site-packages/prawcore/auth.py", line 31, in _post
    raise ResponseException(response)
prawcore.exceptions.ResponseException: received 503 HTTP response
String found in comment f4vvwe1
replied to comment f4vvwe1
String found in comment f4vux7b
replied to comment f4vux7b
String found in commentf4vz12j
replied to comment f4vz12j
String found in comment f4vzg73
replied to comment f4vzg73
String found in commentf4w11dp
replied to comment f4w11dp
String found in comment f4w53ha
replied to comment f4w53ha
String found in commentf4w53gj
replied to comment f4w53gj
String found in comment f4w55a7
replied to comment f4w55a7
String found in commentf4wcfh3
replied to comment f4wcfh3
String found in comment f4wcwpr
replied to comment f4wcwpr
String found in comment f4wezp2
replied to comment f4wezp2
String found in comment f4wntg1
replied to comment f4wntg1
String found in comment f4wrt81
replied to comment f4wrt81
String found in comment f4wt06s
replied to comment f4wt06s
String found in comment f4wusfj
replied to comment f4wusfj
String found in comment f4wxjwc
replied to comment f4wxjwc
String found in comment f4x8nux
replied to comment f4x8nux
String found in comment f4xeb85
replied to comment f4xeb85
String found in comment f4xj21k
replied to comment f4xj21k
String found in comment f4xj860
replied to comment f4xj860
String found in comment f4ypzgp
replied to comment f4ypzgp
String found in comment f4yvu9p
replied to comment f4yvu9p
String found in comment f4zbg4s
replied to comment f4zbg4s
String found in comment f4zephe
replied to comment f4zephe
String found in comment f4zm6sk
replied to comment f4zm6sk
String found in comment f4zpe65
replied to comment f4zpe65
String found in comment f500uqo
replied to comment f500uqo
String found in comment f506ufv
replied to comment f506ufv
String found in comment f50dn5z
replied to comment f50dn5z
String found in comment f510xmm
replied to comment f510xmm
String found in comment f512uf3
replied to comment f512uf3
String found in comment f515ct6
replied to comment f515ct6
String found in commentf519vu2
replied to comment f519vu2
String found in comment f51bsk8
replied to comment f51bsk8
String found in comment f51hcyu
replied to comment f51hcyu
Traceback (most recent call last):
  File "LTT.py", line 257, in <module>
    run_bot(r, comments_replied_to, get_random_line, WholeWord)
  File "LTT.py", line 71, in run_bot
    for comment in r.subreddit('WetlanderHumor').comments(limit=10):
  File "/home/pi/.local/lib/python3.7/site-packages/praw/models/listing/generator.py", line 52, in __next__
    self._next_batch()
  File "/home/pi/.local/lib/python3.7/site-packages/praw/models/listing/generator.py", line 62, in _next_batch
    self._listing = self._reddit.get(self.url, params=self.params)
  File "/home/pi/.local/lib/python3.7/site-packages/praw/reddit.py", line 446, in get
    data = self.request("GET", path, params=params)
  File "/home/pi/.local/lib/python3.7/site-packages/praw/reddit.py", line 581, in request
    method, path, data=data, files=files, params=params
  File "/home/pi/.local/lib/python3.7/site-packages/prawcore/sessions.py", line 185, in request
    params=params, url=url)
  File "/home/pi/.local/lib/python3.7/site-packages/prawcore/sessions.py", line 128, in _request_with_retries
    retries, saved_exception, url)
  File "/home/pi/.local/lib/python3.7/site-packages/prawcore/sessions.py", line 94, in _do_retry
    params=params, url=url, retries=retries - 1)
  File "/home/pi/.local/lib/python3.7/site-packages/prawcore/sessions.py", line 128, in _request_with_retries
    retries, saved_exception, url)
  File "/home/pi/.local/lib/python3.7/site-packages/prawcore/sessions.py", line 94, in _do_retry
    params=params, url=url, retries=retries - 1)
  File "/home/pi/.local/lib/python3.7/site-packages/prawcore/sessions.py", line 130, in _request_with_retries
    raise self.STATUS_EXCEPTIONS[response.status_code](response)
prawcore.exceptions.ServerError: received 503 HTTP response
String found in commentf55urum
replied to comment f55urum
String found in commentf55tuav
replied to comment f55tuav
String found in comment f55tqcx
replied to comment f55tqcx
String found in comment f55zm01
replied to comment f55zm01
String found in comment f562arh
replied to comment f562arh
String found in commentf5636x6
replied to comment f5636x6
String found in commentf563e08
replied to comment f563e08
String found in comment f563hzj
replied to comment f563hzj
String found in comment f56nva5
replied to comment f56nva5
String found in comment f56pccl
replied to comment f56pccl
String found in comment f56qrb2
replied to comment f56qrb2
String found in comment f56ydyt
replied to comment f56ydyt
String found in comment f57eabt
replied to comment f57eabt
String found in comment f57np1f
replied to comment f57np1f
String found in comment f57w1p2
replied to comment f57w1p2
String found in comment f57zrtj
replied to comment f57zrtj
String found in comment f587edm
replied to comment f587edm
String found in comment f587lyi
replied to comment f587lyi
String found in comment f58bgxz
replied to comment f58bgxz
String found in comment f58h7eu
replied to comment f58h7eu
String found in comment f58i6hq
replied to comment f58i6hq
String found in comment f58iew5
replied to comment f58iew5
String found in comment f58iqnu
replied to comment f58iqnu
String found in comment f58mtno
replied to comment f58mtno
String found in comment f58o10s
replied to comment f58o10s
String found in comment f58o3m1
replied to comment f58o3m1
String found in comment f58o8ik
replied to comment f58o8ik
String found in comment f58tecf
replied to comment f58tecf
String found in commentf5968fj
replied to comment f5968fj
String found in comment f599p9g
replied to comment f599p9g
String found in comment f59c1n6
replied to comment f59c1n6
String found in commentf59c2aa
replied to comment f59c2aa
String found in commentf59dqo7
replied to comment f59dqo7
String found in comment f59lqv9
replied to comment f59lqv9
String found in comment f5c80yr
replied to comment f5c80yr
String found in comment f5cd1pq
replied to comment f5cd1pq
String found in comment f5cmeyz
replied to comment f5cmeyz
String found in commentf5cz6wb
replied to comment f5cz6wb
String found in commentf5d14sy
replied to comment f5d14sy
String found in comment f5d6izj
replied to comment f5d6izj
String found in commentf5dv0em
replied to comment f5dv0em
String found in comment f5f4v7h
replied to comment f5f4v7h
String found in comment f5f8c5y
replied to comment f5f8c5y
String found in commentf5fzhj1
replied to comment f5fzhj1
String found in comment f5g313w
replied to comment f5g313w
String found in comment f5gy0vc
replied to comment f5gy0vc
String found in comment f5h7lb4
replied to comment f5h7lb4
String found in commentf5jjz68
replied to comment f5jjz68
String found in comment f5k021c
replied to comment f5k021c
String found in commentf5kapji
replied to comment f5kapji
String found in comment f5mcdmp
replied to comment f5mcdmp
String found in comment f5mmkma
replied to comment f5mmkma
String found in comment f5mulrx
replied to comment f5mulrx
String found in comment f5o9d8n
replied to comment f5o9d8n
String found in comment f5ohljc
replied to comment f5ohljc
String found in comment f5ojjmn
replied to comment f5ojjmn
String found in comment f5oyflw
replied to comment f5oyflw
String found in comment f5p2sfw
replied to comment f5p2sfw
String found in commentf5p7brq
replied to comment f5p7brq
String found in commentf5p7ont
replied to comment f5p7ont
String found in comment f5pc6au
replied to comment f5pc6au
String found in comment f5pee4a
replied to comment f5pee4a
String found in comment f5pfyw4
replied to comment f5pfyw4
String found in comment f5pgmsp
replied to comment f5pgmsp
String found in comment f5ple2h
replied to comment f5ple2h
String found in comment f5plsok
replied to comment f5plsok
String found in comment f5pph9c
replied to comment f5pph9c
String found in comment f5pqnkp
replied to comment f5pqnkp
String found in comment f5pwh5l
replied to comment f5pwh5l
String found in comment f5pwkd7
replied to comment f5pwkd7
String found in commentf5pwuht
replied to comment f5pwuht
String found in commentf5r8tjc
replied to comment f5r8tjc
String found in commentf5rg9n1
replied to comment f5rg9n1
String found in commentf5rhfw1
replied to comment f5rhfw1
String found in commentf5rhq73
replied to comment f5rhq73
String found in commentf5rl1oz
replied to comment f5rl1oz
String found in commentf5rmw89
replied to comment f5rmw89
String found in commentf5rmw9w
replied to comment f5rmw9w
String found in comment f5rmyty
replied to comment f5rmyty
String found in commentf5rofhn
replied to comment f5rofhn
String found in commentf5roz7h
replied to comment f5roz7h
String found in comment f5rp4ol
replied to comment f5rp4ol
String found in commentf5rr5cf
replied to comment f5rr5cf
String found in commentf5rr6en
replied to comment f5rr6en
String found in comment f5rt59f
replied to comment f5rt59f
String found in comment f5rtl6w
replied to comment f5rtl6w
String found in commentf5runvq
replied to comment f5runvq
String found in commentf5rv4cz
replied to comment f5rv4cz
String found in comment f5rw3xq
replied to comment f5rw3xq
String found in commentf5rzr97
replied to comment f5rzr97
String found in commentf5s5xxt
replied to comment f5s5xxt
String found in commentf5s7wrm
replied to comment f5s7wrm
String found in comment f5s961i
replied to comment f5s961i
String found in comment f5shpgs
replied to comment f5shpgs
String found in comment f5ski4p
replied to comment f5ski4p
String found in commentf5skmlc
replied to comment f5skmlc
String found in comment f5slpfy
replied to comment f5slpfy
String found in commentf5smna0
replied to comment f5smna0
String found in commentf5sp0z4
replied to comment f5sp0z4
String found in comment f5spcry
replied to comment f5spcry
String found in commentf5sqngb
replied to comment f5sqngb
String found in comment f5sqpoo
replied to comment f5sqpoo
String found in comment f5sr17h
replied to comment f5sr17h
String found in commentf5sr2eh
replied to comment f5sr2eh
String found in comment f5ss5c6
replied to comment f5ss5c6
String found in commentf5ssfc7
replied to comment f5ssfc7
String found in commentf5suyjc
replied to comment f5suyjc
String found in commentf5sx0qr
replied to comment f5sx0qr
String found in comment f5sy3p2
replied to comment f5sy3p2
String found in comment f5t0bmb
replied to comment f5t0bmb
String found in comment f5t5kfu
replied to comment f5t5kfu
String found in comment f5t69bz
replied to comment f5t69bz
String found in comment f5td6gw
replied to comment f5td6gw
String found in commentf5ten7t
replied to comment f5ten7t
String found in comment f5tnunn
replied to comment f5tnunn
String found in comment f5tpl76
replied to comment f5tpl76
String found in commentf5tyxgi
replied to comment f5tyxgi
String found in comment f5u1qc0
replied to comment f5u1qc0
String found in comment f5u1v2v
replied to comment f5u1v2v
String found in comment f5u375r
replied to comment f5u375r
String found in comment f5u41oy
replied to comment f5u41oy
String found in comment f5u4hr4
replied to comment f5u4hr4
String found in comment f5u4vqq
replied to comment f5u4vqq
String found in comment f5u8x3u
replied to comment f5u8x3u
String found in commentf5udx31
replied to comment f5udx31
String found in commentf5ufrvf
replied to comment f5ufrvf
String found in commentf5uh9o8
replied to comment f5uh9o8
String found in commentf5uhgoy
replied to comment f5uhgoy
String found in comment f5ulsh4
replied to comment f5ulsh4
String found in commentf5vjhb7
replied to comment f5vjhb7
String found in comment f5vn3ow
replied to comment f5vn3ow
String found in comment f5vq3he
replied to comment f5vq3he
String found in comment f5vwaic
replied to comment f5vwaic
String found in comment f5w8s27
replied to comment f5w8s27
String found in commentf5wed0r
replied to comment f5wed0r
String found in commentf5wr8u2
replied to comment f5wr8u2
String found in comment f5wrvv0
replied to comment f5wrvv0
String found in comment f5wtrs8
replied to comment f5wtrs8
String found in comment f5xifev
replied to comment f5xifev
String found in comment f5ynfgc
replied to comment f5ynfgcString found in commentf6g2pa1
Traceback (most recent call last):
  File "LTT.py", line 257, in <module>
    run_bot(r, comments_replied_to, get_random_line, WholeWord)
  File "LTT.py", line 157, in run_bot
    comment.reply(get_random_line(f))
  File "/home/pi/.local/lib/python3.7/site-packages/praw/models/reddit/mixins/replyable.py", line 33, in reply
    comments = self._reddit.post(API_PATH["comment"], data=data)
  File "/home/pi/.local/lib/python3.7/site-packages/praw/reddit.py", line 529, in post
    return self._objector.objectify(data)
  File "/home/pi/.local/lib/python3.7/site-packages/praw/objector.py", line 158, in objectify
    raise APIException(*errors[0])
praw.exceptions.APIException: RATELIMIT: 'you are doing that too much. try again in 5 seconds.' on field 'ratelimit'
String found in comment f60j86v
replied to comment f60j86v
String found in comment f60jqbw
replied to comment f60jqbw
String found in comment f60lvsm
replied to comment f60lvsm
String found in comment f60qong
replied to comment f60qong
String found in comment f60vtka
replied to comment f60vtka
String found in comment f61ahdj
replied to comment f61ahdj
String found in comment f61dxs0
replied to comment f61dxs0
String found in comment f6274gw
replied to comment f6274gw
String found in comment f62ee4m
replied to comment f62ee4m
String found in comment f62j17w
replied to comment f62j17w
String found in comment f63n6sy
replied to comment f63n6sy
String found in commentf66b6s4
replied to comment f66b6s4
String found in comment f66gxf0
replied to comment f66gxf0
String found in comment f67tzg4
replied to comment f67tzg4
String found in comment f68mlls
replied to comment f68mlls
String found in comment f6boimj
replied to comment f6boimj
String found in comment f6bq3p7
replied to comment f6bq3p7
String found in comment f6bt1mx
replied to comment f6bt1mx
String found in commentf6bv0hf
replied to comment f6bv0hf
String found in commentf6c39de
replied to comment f6c39de
String found in comment f6d3mdl
replied to comment f6d3mdl
String found in comment f6e3zzc
replied to comment f6e3zzc
String found in comment f6ewkww
replied to comment f6ewkww
String found in commentf6g2pa1
replied to comment f6g2pa1
String found in comment f6g8jt5
replied to comment f6g8jt5
String found in comment f6ghj1c
replied to comment f6ghj1c
String found in comment f6gityk
replied to comment f6gityk
String found in commentf6grrro
replied to comment f6grrro
String found in comment f6gswxn
replied to comment f6gswxn
String found in comment f6gt72v
replied to comment f6gt72v
String found in comment f6gzm0s
replied to comment f6gzm0s
String found in comment f6h4mu3
replied to comment f6h4mu3
String found in comment f6hagt5
replied to comment f6hagt5
String found in comment f6her5p
replied to comment f6her5p
String found in comment f6hmqel
replied to comment f6hmqel
String found in comment f6ibv4i
replied to comment f6ibv4i
String found in comment f6imlly
replied to comment f6imlly
String found in comment f6in71v
replied to comment f6in71v
String found in comment f6ineuh
replied to comment f6ineuh
String found in comment f6inkfz
replied to comment f6inkfz
String found in comment f6is9vr
replied to comment f6is9vr
String found in comment f6j1l57
replied to comment f6j1l57
String found in comment f6j21xy
replied to comment f6j21xy
String found in comment f6jmrjg
replied to comment f6jmrjg
String found in commentf6k7xaw
replied to comment f6k7xaw
String found in comment f6k9wza
replied to comment f6k9wza
String found in comment f6kjh0d
replied to comment f6kjh0d
String found in comment f6klaju
replied to comment f6klaju
String found in comment f6kqr1h
replied to comment f6kqr1h
String found in comment f6kskun
replied to comment f6kskun
String found in comment f6lgq2t
replied to comment f6lgq2t
String found in commentf6lgr20
replied to comment f6lgr20
String found in commentf6lgtjt
replied to comment f6lgtjt
String found in comment f6lst4x
replied to comment f6lst4x
String found in comment f6lv0ah
replied to comment f6lv0ah
String found in comment f6lv704
replied to comment f6lv704
String found in comment f6m2m9i
replied to comment f6m2m9i
String found in commentf6m2voi
replied to comment f6m2voi
String found in commentf6m725b
replied to comment f6m725b
String found in comment f6maemk
replied to comment f6maemk
String found in commentf6mdclk
replied to comment f6mdclk
String found in commentf6mit8b
replied to comment f6mit8b
String found in comment f6mjjzr
replied to comment f6mjjzr
String found in comment f6mklwo
replied to comment f6mklwo
String found in commentf6mkwhc
replied to comment f6mkwhc
String found in commentf6mmfat
replied to comment f6mmfat
String found in commentf6mnwbd
replied to comment f6mnwbd
String found in comment f6movtp
replied to comment f6movtp
String found in commentf6mp8rr
replied to comment f6mp8rr
String found in comment f6mpz13
replied to comment f6mpz13
String found in commentf6mqz8v
replied to comment f6mqz8v
String found in comment f6msiay
replied to comment f6msiay
String found in commentf6msj91
replied to comment f6msj91
String found in comment f6mskbp
replied to comment f6mskbp
String found in comment f6mt0x6
replied to comment f6mt0x6
String found in comment f6mt4ip
replied to comment f6mt4ip
String found in comment f6mt60i
replied to comment f6mt60i
String found in commentf6mu9my
replied to comment f6mu9my
String found in comment f6muhsg
replied to comment f6muhsg
String found in comment f6n6lyg
replied to comment f6n6lyg
String found in commentf6n7hl5
replied to comment f6n7hl5
String found in commentf6n7pj6
replied to comment f6n7pj6
String found in commentf6nj6ht
replied to comment f6nj6ht
String found in commentf6nmdwo
replied to comment f6nmdwo
String found in commentf6nmgk7
replied to comment f6nmgk7
String found in comment f6np88g
replied to comment f6np88g
String found in comment f6o73ox
replied to comment f6o73ox
String found in comment f6oezu5
replied to comment f6oezu5
String found in comment f6ojdiz
replied to comment f6ojdiz
String found in comment f6oq7vq
replied to comment f6oq7vq
String found in comment f6oqiam
replied to comment f6oqiam
String found in comment f6oqy9r
replied to comment f6oqy9r
String found in comment f6os1xt
replied to comment f6os1xt
String found in comment f6osy1m
replied to comment f6osy1m
String found in comment f6otljg
replied to comment f6otljg
String found in comment f6ou7fn
replied to comment f6ou7fn
String found in comment f6ouh7t
replied to comment f6ouh7t
String found in comment f6prl1d
replied to comment f6prl1d
String found in comment f6pt7da
replied to comment f6pt7da
String found in comment f6pyx2m
replied to comment f6pyx2m
Traceback (most recent call last):
  File "LTT.py", line 257, in <module>
    run_bot(r, comments_replied_to, get_random_line, WholeWord)
  File "LTT.py", line 71, in run_bot
    for comment in r.subreddit('WetlanderHumor').comments(limit=10):
  File "/home/pi/.local/lib/python3.7/site-packages/praw/models/listing/generator.py", line 52, in __next__
    self._next_batch()
  File "/home/pi/.local/lib/python3.7/site-packages/praw/models/listing/generator.py", line 62, in _next_batch
    self._listing = self._reddit.get(self.url, params=self.params)
  File "/home/pi/.local/lib/python3.7/site-packages/praw/reddit.py", line 446, in get
    data = self.request("GET", path, params=params)
  File "/home/pi/.local/lib/python3.7/site-packages/praw/reddit.py", line 581, in request
    method, path, data=data, files=files, params=params
  File "/home/pi/.local/lib/python3.7/site-packages/prawcore/sessions.py", line 185, in request
    params=params, url=url)
  File "/home/pi/.local/lib/python3.7/site-packages/prawcore/sessions.py", line 128, in _request_with_retries
    retries, saved_exception, url)
  File "/home/pi/.local/lib/python3.7/site-packages/prawcore/sessions.py", line 94, in _do_retry
    params=params, url=url, retries=retries - 1)
  File "/home/pi/.local/lib/python3.7/site-packages/prawcore/sessions.py", line 128, in _request_with_retries
    retries, saved_exception, url)
  File "/home/pi/.local/lib/python3.7/site-packages/prawcore/sessions.py", line 94, in _do_retry
    params=params, url=url, retries=retries - 1)
  File "/home/pi/.local/lib/python3.7/site-packages/prawcore/sessions.py", line 130, in _request_with_retries
    raise self.STATUS_EXCEPTIONS[response.status_code](response)
prawcore.exceptions.ServerError: received 503 HTTP response
String found in comment f6qebd4
replied to comment f6qebd4
String found in comment f6qcqgp
replied to comment f6qcqgp
String found in comment f6qc5bz
replied to comment f6qc5bz
String found in comment f6qlev5
replied to comment f6qlev5
String found in comment f6qu6g1
replied to comment f6qu6g1
String found in comment f6qz95h
replied to comment f6qz95h
String found in comment f6r0ibl
replied to comment f6r0ibl
String found in comment f6r4a8v
replied to comment f6r4a8v
String found in comment f6r740t
replied to comment f6r740t
String found in comment f6r9n6v
replied to comment f6r9n6v
String found in commentf6rc9nf
replied to comment f6rc9nf
String found in comment f6repg1
replied to comment f6repg1
String found in commentf6rezvm
replied to comment f6rezvm
String found in comment f6rf5yz
replied to comment f6rf5yz
String found in comment f6rj6qj
replied to comment f6rj6qj
String found in commentf6rlo51
replied to comment f6rlo51
String found in commentf6rr60j
replied to comment f6rr60j
String found in commentf6rzb40
replied to comment f6rzb40
String found in comment f6s1851
replied to comment f6s1851
String found in comment f6sdyve
replied to comment f6sdyve
String found in comment f6seri0
replied to comment f6seri0
String found in comment f6sil0g
replied to comment f6sil0g
String found in comment f6t4p96
replied to comment f6t4p96
String found in comment f6t83f3
replied to comment f6t83f3
String found in comment f6tkopo
replied to comment f6tkopo
String found in comment f6v1uk1
replied to comment f6v1uk1
String found in comment f6v8iv0
replied to comment f6v8iv0
String found in comment f6v8x0v
replied to comment f6v8x0v
String found in comment f6vahn9
replied to comment f6vahn9
String found in comment f6vbg3d
replied to comment f6vbg3d
String found in comment f6vc27m
replied to comment f6vc27m
String found in comment f6vgmzb
replied to comment f6vgmzb
String found in comment f6vgp92
replied to comment f6vgp92
String found in comment f6vsq6g
replied to comment f6vsq6g
String found in comment f6vux06
replied to comment f6vux06
String found in comment f6vwegd
replied to comment f6vwegd
String found in comment f6w3s8i
replied to comment f6w3s8i
String found in comment f6w4jxx
replied to comment f6w4jxx
String found in comment f6w7dbd
replied to comment f6w7dbd
String found in comment f6w9sb8
replied to comment f6w9sb8
String found in comment f6wcc7u
replied to comment f6wcc7u
String found in comment f6wg53t
replied to comment f6wg53t
String found in comment f6wtj38
replied to comment f6wtj38
String found in commentf6wy0sa
replied to comment f6wy0sa
String found in comment f6xcqdh
replied to comment f6xcqdh
String found in commentf6xglsr
replied to comment f6xglsr
String found in comment f6xh1zq
replied to comment f6xh1zq
String found in comment f6xvjmo
replied to comment f6xvjmo
String found in comment f6xzzt1
replied to comment f6xzzt1
String found in comment f6y4s5u
replied to comment f6y4s5u
String found in comment f6ygukn
replied to comment f6ygukn
String found in comment f6ygxst
replied to comment f6ygxst
String found in commentf6yh2n4
replied to comment f6yh2n4
Traceback (most recent call last):
  File "/usr/lib/python3/dist-packages/urllib3/connection.py", line 159, in _new_conn
    (self._dns_host, self.port), self.timeout, **extra_kw)
  File "/usr/lib/python3/dist-packages/urllib3/util/connection.py", line 57, in create_connection
    for res in socket.getaddrinfo(host, port, family, socket.SOCK_STREAM):
  File "/usr/lib/python3.7/socket.py", line 748, in getaddrinfo
    for res in _socket.getaddrinfo(host, port, family, type, proto, flags):
socket.gaierror: [Errno -3] Temporary failure in name resolution

During handling of the above exception, another exception occurred:

Traceback (most recent call last):
  File "/usr/lib/python3/dist-packages/urllib3/connectionpool.py", line 600, in urlopen
    chunked=chunked)
  File "/usr/lib/python3/dist-packages/urllib3/connectionpool.py", line 343, in _make_request
    self._validate_conn(conn)
  File "/usr/lib/python3/dist-packages/urllib3/connectionpool.py", line 841, in _validate_conn
    conn.connect()
  File "/usr/lib/python3/dist-packages/urllib3/connection.py", line 301, in connect
    conn = self._new_conn()
  File "/usr/lib/python3/dist-packages/urllib3/connection.py", line 168, in _new_conn
    self, "Failed to establish a new connection: %s" % e)
urllib3.exceptions.NewConnectionError: <urllib3.connection.VerifiedHTTPSConnection object at 0x75d0fad0>: Failed to establish a new connection: [Errno -3] Temporary failure in name resolution

During handling of the above exception, another exception occurred:

Traceback (most recent call last):
  File "/usr/lib/python3/dist-packages/requests/adapters.py", line 449, in send
    timeout=timeout
  File "/usr/lib/python3/dist-packages/urllib3/connectionpool.py", line 638, in urlopen
    _stacktrace=sys.exc_info()[2])
  File "/usr/lib/python3/dist-packages/urllib3/util/retry.py", line 398, in increment
    raise MaxRetryError(_pool, url, error or ResponseError(cause))
urllib3.exceptions.MaxRetryError: HTTPSConnectionPool(host='oauth.reddit.com', port=443): Max retries exceeded with url: /r/WetlanderHumor/comments/?limit=10&raw_json=1 (Caused by NewConnectionError('<urllib3.connection.VerifiedHTTPSConnection object at 0x75d0fad0>: Failed to establish a new connection: [Errno -3] Temporary failure in name resolution'))

During handling of the above exception, another exception occurred:

Traceback (most recent call last):
  File "/home/pi/.local/lib/python3.7/site-packages/prawcore/requestor.py", line 47, in request
    return self._http.request(*args, timeout=TIMEOUT, **kwargs)
  File "/usr/lib/python3/dist-packages/requests/sessions.py", line 533, in request
    resp = self.send(prep, **send_kwargs)
  File "/usr/lib/python3/dist-packages/requests/sessions.py", line 646, in send
    r = adapter.send(request, **kwargs)
  File "/usr/lib/python3/dist-packages/requests/adapters.py", line 516, in send
    raise ConnectionError(e, request=request)
requests.exceptions.ConnectionError: HTTPSConnectionPool(host='oauth.reddit.com', port=443): Max retries exceeded with url: /r/WetlanderHumor/comments/?limit=10&raw_json=1 (Caused by NewConnectionError('<urllib3.connection.VerifiedHTTPSConnection object at 0x75d0fad0>: Failed to establish a new connection: [Errno -3] Temporary failure in name resolution'))

During handling of the above exception, another exception occurred:

Traceback (most recent call last):
  File "LTT.py", line 257, in <module>
    run_bot(r, comments_replied_to, get_random_line, WholeWord)
  File "LTT.py", line 71, in run_bot
    for comment in r.subreddit('WetlanderHumor').comments(limit=10):
  File "/home/pi/.local/lib/python3.7/site-packages/praw/models/listing/generator.py", line 52, in __next__
    self._next_batch()
  File "/home/pi/.local/lib/python3.7/site-packages/praw/models/listing/generator.py", line 62, in _next_batch
    self._listing = self._reddit.get(self.url, params=self.params)
  File "/home/pi/.local/lib/python3.7/site-packages/praw/reddit.py", line 446, in get
    data = self.request("GET", path, params=params)
  File "/home/pi/.local/lib/python3.7/site-packages/praw/reddit.py", line 581, in request
    method, path, data=data, files=files, params=params
  File "/home/pi/.local/lib/python3.7/site-packages/prawcore/sessions.py", line 185, in request
    params=params, url=url)
  File "/home/pi/.local/lib/python3.7/site-packages/prawcore/sessions.py", line 128, in _request_with_retries
    retries, saved_exception, url)
  File "/home/pi/.local/lib/python3.7/site-packages/prawcore/sessions.py", line 94, in _do_retry
    params=params, url=url, retries=retries - 1)
  File "/home/pi/.local/lib/python3.7/site-packages/prawcore/sessions.py", line 128, in _request_with_retries
    retries, saved_exception, url)
  File "/home/pi/.local/lib/python3.7/site-packages/prawcore/sessions.py", line 94, in _do_retry
    params=params, url=url, retries=retries - 1)
  File "/home/pi/.local/lib/python3.7/site-packages/prawcore/sessions.py", line 116, in _request_with_retries
    data, files, json, method, params, retries, url)
  File "/home/pi/.local/lib/python3.7/site-packages/prawcore/sessions.py", line 101, in _make_request
    params=params)
  File "/home/pi/.local/lib/python3.7/site-packages/prawcore/rate_limit.py", line 36, in call
    response = request_function(*args, **kwargs)
  File "/home/pi/.local/lib/python3.7/site-packages/prawcore/requestor.py", line 49, in request
    raise RequestException(exc, args, kwargs)
prawcore.exceptions.RequestException: error with request HTTPSConnectionPool(host='oauth.reddit.com', port=443): Max retries exceeded with url: /r/WetlanderHumor/comments/?limit=10&raw_json=1 (Caused by NewConnectionError('<urllib3.connection.VerifiedHTTPSConnection object at 0x75d0fad0>: Failed to establish a new connection: [Errno -3] Temporary failure in name resolution'))
String found in comment f6zfvxh
replied to comment f6zfvxh
String found in comment f71i7ku
replied to comment f71i7ku
String found in comment f71vfdm
replied to comment f71vfdm
String found in comment f727zkc
replied to comment f727zkc
String found in comment f72ow68
replied to comment f72ow68
String found in comment f72t05d
replied to comment f72t05d
String found in comment f72zt7s
replied to comment f72zt7s
Traceback (most recent call last):
  File "LTT.py", line 257, in <module>
    run_bot(r, comments_replied_to, get_random_line, WholeWord)
  File "LTT.py", line 71, in run_bot
    for comment in r.subreddit('WetlanderHumor').comments(limit=10):
  File "/home/pi/.local/lib/python3.7/site-packages/praw/models/listing/generator.py", line 52, in __next__
    self._next_batch()
  File "/home/pi/.local/lib/python3.7/site-packages/praw/models/listing/generator.py", line 62, in _next_batch
    self._listing = self._reddit.get(self.url, params=self.params)
  File "/home/pi/.local/lib/python3.7/site-packages/praw/reddit.py", line 446, in get
    data = self.request("GET", path, params=params)
  File "/home/pi/.local/lib/python3.7/site-packages/praw/reddit.py", line 581, in request
    method, path, data=data, files=files, params=params
  File "/home/pi/.local/lib/python3.7/site-packages/prawcore/sessions.py", line 185, in request
    params=params, url=url)
  File "/home/pi/.local/lib/python3.7/site-packages/prawcore/sessions.py", line 128, in _request_with_retries
    retries, saved_exception, url)
  File "/home/pi/.local/lib/python3.7/site-packages/prawcore/sessions.py", line 94, in _do_retry
    params=params, url=url, retries=retries - 1)
  File "/home/pi/.local/lib/python3.7/site-packages/prawcore/sessions.py", line 128, in _request_with_retries
    retries, saved_exception, url)
  File "/home/pi/.local/lib/python3.7/site-packages/prawcore/sessions.py", line 94, in _do_retry
    params=params, url=url, retries=retries - 1)
  File "/home/pi/.local/lib/python3.7/site-packages/prawcore/sessions.py", line 130, in _request_with_retries
    raise self.STATUS_EXCEPTIONS[response.status_code](response)
prawcore.exceptions.ServerError: received 503 HTTP response
String found in comment f74ow6z
replied to comment f74ow6z
String found in comment f748w91
replied to comment f748w91
String found in commentf748rd8
replied to comment f748rd8
String found in comment f75jwpu
replied to comment f75jwpu
String found in comment f780852
replied to comment f780852
String found in comment f780ads
replied to comment f780ads
String found in comment f78b1oz
replied to comment f78b1oz
String found in comment f78cyrg
replied to comment f78cyrg
String found in commentf78f316
replied to comment f78f316
String found in comment f78mlbi
replied to comment f78mlbi
String found in comment f79gxo1
replied to comment f79gxo1
String found in comment f79hkys
replied to comment f79hkys
Traceback (most recent call last):
  File "LTT.py", line 257, in <module>
    run_bot(r, comments_replied_to, get_random_line, WholeWord)
  File "LTT.py", line 71, in run_bot
    for comment in r.subreddit('WetlanderHumor').comments(limit=10):
  File "/home/pi/.local/lib/python3.7/site-packages/praw/models/listing/generator.py", line 52, in __next__
    self._next_batch()
  File "/home/pi/.local/lib/python3.7/site-packages/praw/models/listing/generator.py", line 62, in _next_batch
    self._listing = self._reddit.get(self.url, params=self.params)
  File "/home/pi/.local/lib/python3.7/site-packages/praw/reddit.py", line 446, in get
    data = self.request("GET", path, params=params)
  File "/home/pi/.local/lib/python3.7/site-packages/praw/reddit.py", line 581, in request
    method, path, data=data, files=files, params=params
  File "/home/pi/.local/lib/python3.7/site-packages/prawcore/sessions.py", line 185, in request
    params=params, url=url)
  File "/home/pi/.local/lib/python3.7/site-packages/prawcore/sessions.py", line 128, in _request_with_retries
    retries, saved_exception, url)
  File "/home/pi/.local/lib/python3.7/site-packages/prawcore/sessions.py", line 94, in _do_retry
    params=params, url=url, retries=retries - 1)
  File "/home/pi/.local/lib/python3.7/site-packages/prawcore/sessions.py", line 128, in _request_with_retries
    retries, saved_exception, url)
  File "/home/pi/.local/lib/python3.7/site-packages/prawcore/sessions.py", line 94, in _do_retry
    params=params, url=url, retries=retries - 1)
  File "/home/pi/.local/lib/python3.7/site-packages/prawcore/sessions.py", line 130, in _request_with_retries
    raise self.STATUS_EXCEPTIONS[response.status_code](response)
prawcore.exceptions.ServerError: received 503 HTTP response
String found in comment f7mysjm
Traceback (most recent call last):
  File "LTT.py", line 257, in <module>
    run_bot(r, comments_replied_to, get_random_line, WholeWord)
  File "LTT.py", line 89, in run_bot
    comment.reply(get_random_line(f))
  File "/home/pi/.local/lib/python3.7/site-packages/praw/models/reddit/mixins/replyable.py", line 33, in reply
    comments = self._reddit.post(API_PATH["comment"], data=data)
  File "/home/pi/.local/lib/python3.7/site-packages/praw/reddit.py", line 529, in post
    return self._objector.objectify(data)
  File "/home/pi/.local/lib/python3.7/site-packages/praw/objector.py", line 158, in objectify
    raise APIException(*errors[0])
praw.exceptions.APIException: RATELIMIT: 'you are doing that too much. try again in 5 seconds.' on field 'ratelimit'
String found in commentf7eoeuv
replied to comment f7eoeuv
String found in comment f7f14lf
replied to comment f7f14lf
String found in comment f7f84xw
replied to comment f7f84xw
String found in commentf7fhytp
replied to comment f7fhytp
String found in comment f7fpe2r
replied to comment f7fpe2r
String found in commentf7fuu5p
replied to comment f7fuu5p
String found in comment f7fv8aw
replied to comment f7fv8aw
String found in comment f7fw40c
replied to comment f7fw40c
String found in commentf7g047e
replied to comment f7g047e
String found in commentf7g53m7
replied to comment f7g53m7
String found in comment f7g68es
replied to comment f7g68es
String found in comment f7g6e5b
replied to comment f7g6e5b
String found in comment f7g6fmq
replied to comment f7g6fmq
String found in comment f7g7f97
replied to comment f7g7f97
String found in comment f7h1fg5
replied to comment f7h1fg5
String found in comment f7hu2ik
replied to comment f7hu2ik
String found in comment f7hufhu
replied to comment f7hufhu
String found in comment f7hukbh
replied to comment f7hukbh
String found in comment f7i5rbe
replied to comment f7i5rbe
String found in comment f7i9f7s
replied to comment f7i9f7s
String found in comment f7i9srp
replied to comment f7i9srp
String found in comment f7ibqsa
replied to comment f7ibqsa
String found in comment f7ibu38
replied to comment f7ibu38
String found in comment f7idfme
replied to comment f7idfme
String found in comment f7igjv4
replied to comment f7igjv4
String found in comment f7ip4l0
replied to comment f7ip4l0
String found in comment f7itz5e
replied to comment f7itz5e
String found in comment f7iul8b
replied to comment f7iul8b
String found in commentf7j4sa2
replied to comment f7j4sa2
String found in comment f7jny4d
replied to comment f7jny4d
String found in comment f7k6wbh
replied to comment f7k6wbh
String found in comment f7k889y
replied to comment f7k889y
String found in comment f7k9oaf
replied to comment f7k9oaf
String found in comment f7kaya2
replied to comment f7kaya2
String found in comment f7kgvbu
replied to comment f7kgvbu
String found in comment f7kgwad
replied to comment f7kgwad
String found in comment f7kkuk4
replied to comment f7kkuk4
String found in comment f7kq5mq
replied to comment f7kq5mq
String found in comment f7kvlcm
replied to comment f7kvlcm
String found in comment f7l3or4
replied to comment f7l3or4
String found in comment f7mysjm
replied to comment f7mysjm
String found in commentf7n6yuk
replied to comment f7n6yuk
String found in comment f7n927l
replied to comment f7n927l
String found in comment f7nbja0
replied to comment f7nbja0
String found in comment f7nfzwk
replied to comment f7nfzwk
String found in comment f7ng158
replied to comment f7ng158
String found in comment f7nqbs0
replied to comment f7nqbs0
String found in comment f7nt27p
replied to comment f7nt27p
String found in comment f7nwe7x
replied to comment f7nwe7x
String found in comment f7o0xm0
replied to comment f7o0xm0
String found in comment f7odyvl
replied to comment f7odyvl
String found in comment f7ohpbr
replied to comment f7ohpbr
String found in comment f7oht9f
replied to comment f7oht9f
String found in comment f7owpxk
replied to comment f7owpxk
String found in commentf7pk2hp
replied to comment f7pk2hp
String found in comment f7pkmwd
replied to comment f7pkmwd
String found in comment f7pot6q
replied to comment f7pot6q
String found in comment f7pp365
replied to comment f7pp365
String found in comment f7pp72h
replied to comment f7pp72h
String found in comment f7pqcy1
replied to comment f7pqcy1
String found in comment f7psaq7
replied to comment f7psaq7
String found in comment f7qmwz0
replied to comment f7qmwz0
String found in comment f7qorfk
replied to comment f7qorfk
String found in comment f7qpz3o
replied to comment f7qpz3o
String found in comment f7qr23i
replied to comment f7qr23i
String found in comment f7qu5nr
replied to comment f7qu5nr
String found in comment f7qv8yg
replied to comment f7qv8yg
String found in comment f7r19aa
replied to comment f7r19aa
String found in commentf7r1s4r
replied to comment f7r1s4r
String found in comment f7r5jjb
replied to comment f7r5jjb
String found in comment f7r6hya
replied to comment f7r6hya
String found in comment f7r72xb
replied to comment f7r72xb
String found in comment f7r8428
replied to comment f7r8428
String found in comment f7r8k4l
replied to comment f7r8k4l
String found in comment f7r9ga0
replied to comment f7r9ga0
String found in comment f7rlhyg
replied to comment f7rlhyg
String found in comment f7rpqdh
replied to comment f7rpqdh
String found in comment f7ruqud
replied to comment f7ruqud
String found in comment f7t36ob
replied to comment f7t36ob
Traceback (most recent call last):
  File "/usr/lib/python3/dist-packages/urllib3/connectionpool.py", line 384, in _make_request
    six.raise_from(e, None)
  File "<string>", line 2, in raise_from
  File "/usr/lib/python3/dist-packages/urllib3/connectionpool.py", line 380, in _make_request
    httplib_response = conn.getresponse()
  File "/usr/lib/python3.7/http/client.py", line 1321, in getresponse
    response.begin()
  File "/usr/lib/python3.7/http/client.py", line 296, in begin
    version, status, reason = self._read_status()
  File "/usr/lib/python3.7/http/client.py", line 257, in _read_status
    line = str(self.fp.readline(_MAXLINE + 1), "iso-8859-1")
  File "/usr/lib/python3.7/socket.py", line 589, in readinto
    return self._sock.recv_into(b)
  File "/usr/lib/python3.7/ssl.py", line 1052, in recv_into
    return self.read(nbytes, buffer)
  File "/usr/lib/python3.7/ssl.py", line 911, in read
    return self._sslobj.read(len, buffer)
socket.timeout: The read operation timed out

During handling of the above exception, another exception occurred:

Traceback (most recent call last):
  File "/usr/lib/python3/dist-packages/requests/adapters.py", line 449, in send
    timeout=timeout
  File "/usr/lib/python3/dist-packages/urllib3/connectionpool.py", line 638, in urlopen
    _stacktrace=sys.exc_info()[2])
  File "/usr/lib/python3/dist-packages/urllib3/util/retry.py", line 367, in increment
    raise six.reraise(type(error), error, _stacktrace)
  File "/home/pi/.local/lib/python3.7/site-packages/six.py", line 686, in reraise
    raise value
  File "/usr/lib/python3/dist-packages/urllib3/connectionpool.py", line 600, in urlopen
    chunked=chunked)
  File "/usr/lib/python3/dist-packages/urllib3/connectionpool.py", line 386, in _make_request
    self._raise_timeout(err=e, url=url, timeout_value=read_timeout)
  File "/usr/lib/python3/dist-packages/urllib3/connectionpool.py", line 306, in _raise_timeout
    raise ReadTimeoutError(self, url, "Read timed out. (read timeout=%s)" % timeout_value)
urllib3.exceptions.ReadTimeoutError: HTTPSConnectionPool(host='oauth.reddit.com', port=443): Read timed out. (read timeout=16.0)

During handling of the above exception, another exception occurred:

Traceback (most recent call last):
  File "/home/pi/.local/lib/python3.7/site-packages/prawcore/requestor.py", line 47, in request
    return self._http.request(*args, timeout=TIMEOUT, **kwargs)
  File "/usr/lib/python3/dist-packages/requests/sessions.py", line 533, in request
    resp = self.send(prep, **send_kwargs)
  File "/usr/lib/python3/dist-packages/requests/sessions.py", line 646, in send
    r = adapter.send(request, **kwargs)
  File "/usr/lib/python3/dist-packages/requests/adapters.py", line 529, in send
    raise ReadTimeout(e, request=request)
requests.exceptions.ReadTimeout: HTTPSConnectionPool(host='oauth.reddit.com', port=443): Read timed out. (read timeout=16.0)

During handling of the above exception, another exception occurred:

Traceback (most recent call last):
  File "LTT.py", line 257, in <module>
    run_bot(r, comments_replied_to, get_random_line, WholeWord)
  File "LTT.py", line 71, in run_bot
    for comment in r.subreddit('WetlanderHumor').comments(limit=10):
  File "/home/pi/.local/lib/python3.7/site-packages/praw/models/listing/generator.py", line 52, in __next__
    self._next_batch()
  File "/home/pi/.local/lib/python3.7/site-packages/praw/models/listing/generator.py", line 62, in _next_batch
    self._listing = self._reddit.get(self.url, params=self.params)
  File "/home/pi/.local/lib/python3.7/site-packages/praw/reddit.py", line 446, in get
    data = self.request("GET", path, params=params)
  File "/home/pi/.local/lib/python3.7/site-packages/praw/reddit.py", line 581, in request
    method, path, data=data, files=files, params=params
  File "/home/pi/.local/lib/python3.7/site-packages/prawcore/sessions.py", line 185, in request
    params=params, url=url)
  File "/home/pi/.local/lib/python3.7/site-packages/prawcore/sessions.py", line 128, in _request_with_retries
    retries, saved_exception, url)
  File "/home/pi/.local/lib/python3.7/site-packages/prawcore/sessions.py", line 94, in _do_retry
    params=params, url=url, retries=retries - 1)
  File "/home/pi/.local/lib/python3.7/site-packages/prawcore/sessions.py", line 128, in _request_with_retries
    retries, saved_exception, url)
  File "/home/pi/.local/lib/python3.7/site-packages/prawcore/sessions.py", line 94, in _do_retry
    params=params, url=url, retries=retries - 1)
  File "/home/pi/.local/lib/python3.7/site-packages/prawcore/sessions.py", line 116, in _request_with_retries
    data, files, json, method, params, retries, url)
  File "/home/pi/.local/lib/python3.7/site-packages/prawcore/sessions.py", line 101, in _make_request
    params=params)
  File "/home/pi/.local/lib/python3.7/site-packages/prawcore/rate_limit.py", line 36, in call
    response = request_function(*args, **kwargs)
  File "/home/pi/.local/lib/python3.7/site-packages/prawcore/requestor.py", line 49, in request
    raise RequestException(exc, args, kwargs)
prawcore.exceptions.RequestException: error with request HTTPSConnectionPool(host='oauth.reddit.com', port=443): Read timed out. (read timeout=16.0)
String found in comment f83di4z
replied to comment f83di4z
String found in comment f83yx0h
replied to comment f83yx0h
String found in comment f848ea6
replied to comment f848ea6
String found in comment f84fyjq
replied to comment f84fyjq
String found in comment f84nbys
replied to comment f84nbys
String found in comment f84wx8w
replied to comment f84wx8w
String found in comment f85239f
replied to comment f85239f
String found in comment f859q0b
replied to comment f859q0b
String found in comment f85bztl
replied to comment f85bztl
Traceback (most recent call last):
  File "LTT.py", line 257, in <module>
    run_bot(r, comments_replied_to, get_random_line, WholeWord)
  File "LTT.py", line 71, in run_bot
    for comment in r.subreddit('WetlanderHumor').comments(limit=10):
  File "/home/pi/.local/lib/python3.7/site-packages/praw/models/listing/generator.py", line 52, in __next__
    self._next_batch()
  File "/home/pi/.local/lib/python3.7/site-packages/praw/models/listing/generator.py", line 62, in _next_batch
    self._listing = self._reddit.get(self.url, params=self.params)
  File "/home/pi/.local/lib/python3.7/site-packages/praw/reddit.py", line 446, in get
    data = self.request("GET", path, params=params)
  File "/home/pi/.local/lib/python3.7/site-packages/praw/reddit.py", line 581, in request
    method, path, data=data, files=files, params=params
  File "/home/pi/.local/lib/python3.7/site-packages/prawcore/sessions.py", line 185, in request
    params=params, url=url)
  File "/home/pi/.local/lib/python3.7/site-packages/prawcore/sessions.py", line 128, in _request_with_retries
    retries, saved_exception, url)
  File "/home/pi/.local/lib/python3.7/site-packages/prawcore/sessions.py", line 94, in _do_retry
    params=params, url=url, retries=retries - 1)
  File "/home/pi/.local/lib/python3.7/site-packages/prawcore/sessions.py", line 128, in _request_with_retries
    retries, saved_exception, url)
  File "/home/pi/.local/lib/python3.7/site-packages/prawcore/sessions.py", line 94, in _do_retry
    params=params, url=url, retries=retries - 1)
  File "/home/pi/.local/lib/python3.7/site-packages/prawcore/sessions.py", line 130, in _request_with_retries
    raise self.STATUS_EXCEPTIONS[response.status_code](response)
prawcore.exceptions.ServerError: received 503 HTTP response
String found in comment f87sllg
replied to comment f87sllg
String found in comment f87t0ca
replied to comment f87t0ca
String found in comment f87tfo5
replied to comment f87tfo5
String found in comment f87wc8i
replied to comment f87wc8i
String found in comment f87wjum
replied to comment f87wjum
String found in comment f87zd2y
replied to comment f87zd2y
String found in comment f884awg
replied to comment f884awg
String found in comment f886k5x
replied to comment f886k5x
String found in comment f88wogx
replied to comment f88wogx
String found in comment f8939g4
replied to comment f8939g4
String found in comment f8a4ei2
replied to comment f8a4ei2
String found in comment f8a8z1m
replied to comment f8a8z1m
String found in comment f8ac0i7
replied to comment f8ac0i7
String found in comment f8afkgi
replied to comment f8afkgi
String found in commentf8afliz
replied to comment f8afliz
String found in commentf8aocjl
replied to comment f8aocjl
String found in comment f8aytv6
replied to comment f8aytv6
String found in comment f8b05kt
replied to comment f8b05kt
String found in comment f8b4sww
replied to comment f8b4sww
String found in comment f8b7zyh
replied to comment f8b7zyh
String found in comment f8b822m
replied to comment f8b822m
String found in comment f8baq83
replied to comment f8baq83
String found in comment f8bcefn
replied to comment f8bcefn
String found in comment f8bhf1b
replied to comment f8bhf1b
String found in commentf8bo25c
replied to comment f8bo25c
String found in comment f8bpxp1
replied to comment f8bpxp1
String found in comment f8brxjt
replied to comment f8brxjt
String found in comment f8bsmu8
replied to comment f8bsmu8
String found in comment f8c8d17
replied to comment f8c8d17
String found in comment f8d6u6q
replied to comment f8d6u6q
String found in comment f8del5k
replied to comment f8del5k
String found in comment f8deqfj
replied to comment f8deqfj
String found in commentf8dgxt6
replied to comment f8dgxt6
String found in comment f8e7yko
replied to comment f8e7yko
String found in comment f8ea426
replied to comment f8ea426
String found in comment f8ea5hf
replied to comment f8ea5hf
String found in comment f8eaan3
replied to comment f8eaan3
String found in comment f8ecq0d
replied to comment f8ecq0d
String found in commentf8efpqx
replied to comment f8efpqx
String found in comment f8eg0z3
replied to comment f8eg0z3
String found in commentf8enia8
replied to comment f8enia8
String found in comment f8etjlq
replied to comment f8etjlq
String found in comment f8fda86
replied to comment f8fda86
String found in comment f8fhouc
replied to comment f8fhouc
String found in comment f8g5enn
replied to comment f8g5enn
String found in comment f8gbufr
replied to comment f8gbufr
String found in commentf8gcjg9
replied to comment f8gcjg9
String found in commentf8gj00x
replied to comment f8gj00x
String found in commentf8jfc3k
replied to comment f8jfc3k
String found in comment f8juqmx
replied to comment f8juqmx
Traceback (most recent call last):
  File "LTT.py", line 257, in <module>
    run_bot(r, comments_replied_to, get_random_line, WholeWord)
  File "LTT.py", line 71, in run_bot
    for comment in r.subreddit('WetlanderHumor').comments(limit=10):
  File "/home/pi/.local/lib/python3.7/site-packages/praw/models/listing/generator.py", line 52, in __next__
    self._next_batch()
  File "/home/pi/.local/lib/python3.7/site-packages/praw/models/listing/generator.py", line 62, in _next_batch
    self._listing = self._reddit.get(self.url, params=self.params)
  File "/home/pi/.local/lib/python3.7/site-packages/praw/reddit.py", line 446, in get
    data = self.request("GET", path, params=params)
  File "/home/pi/.local/lib/python3.7/site-packages/praw/reddit.py", line 581, in request
    method, path, data=data, files=files, params=params
  File "/home/pi/.local/lib/python3.7/site-packages/prawcore/sessions.py", line 185, in request
    params=params, url=url)
  File "/home/pi/.local/lib/python3.7/site-packages/prawcore/sessions.py", line 128, in _request_with_retries
    retries, saved_exception, url)
  File "/home/pi/.local/lib/python3.7/site-packages/prawcore/sessions.py", line 94, in _do_retry
    params=params, url=url, retries=retries - 1)
  File "/home/pi/.local/lib/python3.7/site-packages/prawcore/sessions.py", line 128, in _request_with_retries
    retries, saved_exception, url)
  File "/home/pi/.local/lib/python3.7/site-packages/prawcore/sessions.py", line 94, in _do_retry
    params=params, url=url, retries=retries - 1)
  File "/home/pi/.local/lib/python3.7/site-packages/prawcore/sessions.py", line 130, in _request_with_retries
    raise self.STATUS_EXCEPTIONS[response.status_code](response)
prawcore.exceptions.ServerError: received 503 HTTP response
String found in comment f8na8ml
replied to comment f8na8ml
String found in commentf8o0ytm
replied to comment f8o0ytm
String found in comment f8olmqs
replied to comment f8olmqs
String found in comment f8p9nkj
replied to comment f8p9nkj
String found in comment f8pfs0j
replied to comment f8pfs0j
String found in comment f8pj83d
replied to comment f8pj83d
String found in comment f8py681
replied to comment f8py681
String found in comment f8q2ogh
replied to comment f8q2ogh
String found in comment f8q5its
replied to comment f8q5its
String found in comment f8q6fy9
replied to comment f8q6fy9
String found in comment f8q8ruj
replied to comment f8q8ruj
String found in comment f8qbjjl
replied to comment f8qbjjl
String found in commentf8qe0ug
replied to comment f8qe0ug
String found in comment f8qgkz7
replied to comment f8qgkz7
String found in comment f8qlnfq
replied to comment f8qlnfq
String found in comment f8qocqh
replied to comment f8qocqh
String found in commentf8qvn5v
replied to comment f8qvn5v
String found in comment f8qyna6
replied to comment f8qyna6
String found in comment f8r68oi
replied to comment f8r68oi
String found in comment f8r69z9
replied to comment f8r69z9
String found in commentf8rkwar
replied to comment f8rkwar
String found in comment f8rts7u
replied to comment f8rts7u
String found in comment f8s6h2z
replied to comment f8s6h2z
String found in commentf8t6uqa
replied to comment f8t6uqa
String found in comment f8tcmjf
replied to comment f8tcmjf
String found in comment f8uqxlj
replied to comment f8uqxlj
String found in comment f8ur4np
replied to comment f8ur4np
String found in comment f8urhsk
replied to comment f8urhsk
String found in comment f8uz1sm
replied to comment f8uz1sm
String found in comment f8vbvkn
replied to comment f8vbvkn
Traceback (most recent call last):
  File "/usr/lib/python3/dist-packages/urllib3/connection.py", line 159, in _new_conn
    (self._dns_host, self.port), self.timeout, **extra_kw)
  File "/usr/lib/python3/dist-packages/urllib3/util/connection.py", line 57, in create_connection
    for res in socket.getaddrinfo(host, port, family, socket.SOCK_STREAM):
  File "/usr/lib/python3.7/socket.py", line 748, in getaddrinfo
    for res in _socket.getaddrinfo(host, port, family, type, proto, flags):
socket.gaierror: [Errno -3] Temporary failure in name resolution

During handling of the above exception, another exception occurred:

Traceback (most recent call last):
  File "/usr/lib/python3/dist-packages/urllib3/connectionpool.py", line 600, in urlopen
    chunked=chunked)
  File "/usr/lib/python3/dist-packages/urllib3/connectionpool.py", line 343, in _make_request
    self._validate_conn(conn)
  File "/usr/lib/python3/dist-packages/urllib3/connectionpool.py", line 841, in _validate_conn
    conn.connect()
  File "/usr/lib/python3/dist-packages/urllib3/connection.py", line 301, in connect
    conn = self._new_conn()
  File "/usr/lib/python3/dist-packages/urllib3/connection.py", line 168, in _new_conn
    self, "Failed to establish a new connection: %s" % e)
urllib3.exceptions.NewConnectionError: <urllib3.connection.VerifiedHTTPSConnection object at 0x75d8cbb0>: Failed to establish a new connection: [Errno -3] Temporary failure in name resolution

During handling of the above exception, another exception occurred:

Traceback (most recent call last):
  File "/usr/lib/python3/dist-packages/requests/adapters.py", line 449, in send
    timeout=timeout
  File "/usr/lib/python3/dist-packages/urllib3/connectionpool.py", line 638, in urlopen
    _stacktrace=sys.exc_info()[2])
  File "/usr/lib/python3/dist-packages/urllib3/util/retry.py", line 398, in increment
    raise MaxRetryError(_pool, url, error or ResponseError(cause))
urllib3.exceptions.MaxRetryError: HTTPSConnectionPool(host='oauth.reddit.com', port=443): Max retries exceeded with url: /r/WetlanderHumor/comments/?limit=10&raw_json=1 (Caused by NewConnectionError('<urllib3.connection.VerifiedHTTPSConnection object at 0x75d8cbb0>: Failed to establish a new connection: [Errno -3] Temporary failure in name resolution'))

During handling of the above exception, another exception occurred:

Traceback (most recent call last):
  File "/home/pi/.local/lib/python3.7/site-packages/prawcore/requestor.py", line 47, in request
    return self._http.request(*args, timeout=TIMEOUT, **kwargs)
  File "/usr/lib/python3/dist-packages/requests/sessions.py", line 533, in request
    resp = self.send(prep, **send_kwargs)
  File "/usr/lib/python3/dist-packages/requests/sessions.py", line 646, in send
    r = adapter.send(request, **kwargs)
  File "/usr/lib/python3/dist-packages/requests/adapters.py", line 516, in send
    raise ConnectionError(e, request=request)
requests.exceptions.ConnectionError: HTTPSConnectionPool(host='oauth.reddit.com', port=443): Max retries exceeded with url: /r/WetlanderHumor/comments/?limit=10&raw_json=1 (Caused by NewConnectionError('<urllib3.connection.VerifiedHTTPSConnection object at 0x75d8cbb0>: Failed to establish a new connection: [Errno -3] Temporary failure in name resolution'))

During handling of the above exception, another exception occurred:

Traceback (most recent call last):
  File "LTT.py", line 257, in <module>
    run_bot(r, comments_replied_to, get_random_line, WholeWord)
  File "LTT.py", line 71, in run_bot
    for comment in r.subreddit('WetlanderHumor').comments(limit=10):
  File "/home/pi/.local/lib/python3.7/site-packages/praw/models/listing/generator.py", line 52, in __next__
    self._next_batch()
  File "/home/pi/.local/lib/python3.7/site-packages/praw/models/listing/generator.py", line 62, in _next_batch
    self._listing = self._reddit.get(self.url, params=self.params)
  File "/home/pi/.local/lib/python3.7/site-packages/praw/reddit.py", line 446, in get
    data = self.request("GET", path, params=params)
  File "/home/pi/.local/lib/python3.7/site-packages/praw/reddit.py", line 581, in request
    method, path, data=data, files=files, params=params
  File "/home/pi/.local/lib/python3.7/site-packages/prawcore/sessions.py", line 185, in request
    params=params, url=url)
  File "/home/pi/.local/lib/python3.7/site-packages/prawcore/sessions.py", line 128, in _request_with_retries
    retries, saved_exception, url)
  File "/home/pi/.local/lib/python3.7/site-packages/prawcore/sessions.py", line 94, in _do_retry
    params=params, url=url, retries=retries - 1)
  File "/home/pi/.local/lib/python3.7/site-packages/prawcore/sessions.py", line 128, in _request_with_retries
    retries, saved_exception, url)
  File "/home/pi/.local/lib/python3.7/site-packages/prawcore/sessions.py", line 94, in _do_retry
    params=params, url=url, retries=retries - 1)
  File "/home/pi/.local/lib/python3.7/site-packages/prawcore/sessions.py", line 116, in _request_with_retries
    data, files, json, method, params, retries, url)
  File "/home/pi/.local/lib/python3.7/site-packages/prawcore/sessions.py", line 101, in _make_request
    params=params)
  File "/home/pi/.local/lib/python3.7/site-packages/prawcore/rate_limit.py", line 36, in call
    response = request_function(*args, **kwargs)
  File "/home/pi/.local/lib/python3.7/site-packages/prawcore/requestor.py", line 49, in request
    raise RequestException(exc, args, kwargs)
prawcore.exceptions.RequestException: error with request HTTPSConnectionPool(host='oauth.reddit.com', port=443): Max retries exceeded with url: /r/WetlanderHumor/comments/?limit=10&raw_json=1 (Caused by NewConnectionError('<urllib3.connection.VerifiedHTTPSConnection object at 0x75d8cbb0>: Failed to establish a new connection: [Errno -3] Temporary failure in name resolution'))
String found in commentf8wbk8q
replied to comment f8wbk8q
String found in comment f8w2t91
replied to comment f8w2t91
String found in comment f8wmyib
replied to comment f8wmyib
String found in comment f8x8cpq
replied to comment f8x8cpq
String found in comment f8xbfxv
replied to comment f8xbfxv
String found in comment f8xnnt8
replied to comment f8xnnt8
String found in comment f8yl3td
replied to comment f8yl3td
String found in comment f8yl67u
replied to comment f8yl67u
String found in commentf8yt7pi
replied to comment f8yt7pi
String found in comment f8z22pi
replied to comment f8z22pi
String found in comment f8z905h
replied to comment f8z905h
String found in commentf8z9tuw
replied to comment f8z9tuw
String found in commentf8zq6gd
replied to comment f8zq6gd
String found in comment f90raim
replied to comment f90raim
String found in comment f91hraq
replied to comment f91hraq
String found in comment f91jc4d
replied to comment f91jc4d
String found in comment f91kiht
replied to comment f91kiht
String found in comment f91prxj
replied to comment f91prxj
String found in commentf91w2kf
replied to comment f91w2kf
String found in comment f9247fr
replied to comment f9247fr
String found in comment f927925
replied to comment f927925
String found in comment f92b8hh
replied to comment f92b8hh
String found in comment f92h3xx
replied to comment f92h3xx
String found in comment f934kdc
replied to comment f934kdc
String found in comment f93cmyt
replied to comment f93cmyt
String found in comment f93e7xe
replied to comment f93e7xe
String found in comment f93lks1
replied to comment f93lks1
String found in comment f93mmma
replied to comment f93mmma
String found in comment f93okkz
replied to comment f93okkz
String found in comment f93qhbp
replied to comment f93qhbp
String found in comment f93rv04
replied to comment f93rv04
String found in commentf93utlx
replied to comment f93utlx
String found in comment f945zpy
replied to comment f945zpy
String found in comment f94gkln
replied to comment f94gkln
String found in comment f94ihcr
replied to comment f94ihcr
String found in comment f94kop8
replied to comment f94kop8
String found in comment f94kqa1
replied to comment f94kqa1
String found in commentf94m6ar
replied to comment f94m6ar
String found in commentf94oj7m
replied to comment f94oj7m
String found in comment f94p4fh
replied to comment f94p4fh
String found in comment f94pvak
replied to comment f94pvak
String found in comment f94sn0g
replied to comment f94sn0g
String found in comment f956v44
replied to comment f956v44
String found in comment f95aydw
replied to comment f95aydw
String found in comment f95c0mc
replied to comment f95c0mc
String found in comment f95h64x
replied to comment f95h64x
String found in comment f970g48
replied to comment f970g48
String found in comment f97m4t8
replied to comment f97m4t8
String found in commentf986nas
replied to comment f986nas
String found in comment f9ak8uv
replied to comment f9ak8uv
String found in commentf9akz3y
replied to comment f9akz3y
Traceback (most recent call last):
  File "LTT.py", line 257, in <module>
    run_bot(r, comments_replied_to, get_random_line, WholeWord)
  File "LTT.py", line 71, in run_bot
    for comment in r.subreddit('WetlanderHumor').comments(limit=10):
  File "/home/pi/.local/lib/python3.7/site-packages/praw/models/listing/generator.py", line 52, in __next__
    self._next_batch()
  File "/home/pi/.local/lib/python3.7/site-packages/praw/models/listing/generator.py", line 62, in _next_batch
    self._listing = self._reddit.get(self.url, params=self.params)
  File "/home/pi/.local/lib/python3.7/site-packages/praw/reddit.py", line 446, in get
    data = self.request("GET", path, params=params)
  File "/home/pi/.local/lib/python3.7/site-packages/praw/reddit.py", line 581, in request
    method, path, data=data, files=files, params=params
  File "/home/pi/.local/lib/python3.7/site-packages/prawcore/sessions.py", line 185, in request
    params=params, url=url)
  File "/home/pi/.local/lib/python3.7/site-packages/prawcore/sessions.py", line 128, in _request_with_retries
    retries, saved_exception, url)
  File "/home/pi/.local/lib/python3.7/site-packages/prawcore/sessions.py", line 94, in _do_retry
    params=params, url=url, retries=retries - 1)
  File "/home/pi/.local/lib/python3.7/site-packages/prawcore/sessions.py", line 128, in _request_with_retries
    retries, saved_exception, url)
  File "/home/pi/.local/lib/python3.7/site-packages/prawcore/sessions.py", line 94, in _do_retry
    params=params, url=url, retries=retries - 1)
  File "/home/pi/.local/lib/python3.7/site-packages/prawcore/sessions.py", line 130, in _request_with_retries
    raise self.STATUS_EXCEPTIONS[response.status_code](response)
prawcore.exceptions.ServerError: received 503 HTTP response
String found in comment f9duw0d
replied to comment f9duw0d
String found in comment f9ckhbm
replied to comment f9ckhbm
String found in comment f9e8u23
replied to comment f9e8u23
String found in comment f9ez9ap
replied to comment f9ez9ap
String found in comment f9ezi7s
replied to comment f9ezi7s
String found in comment f9f0eeo
replied to comment f9f0eeo
String found in comment f9f845u
replied to comment f9f845u
String found in comment f9fbwdb
replied to comment f9fbwdb
String found in comment f9fr1p5
replied to comment f9fr1p5
String found in comment f9g2sgq
replied to comment f9g2sgq
String found in comment f9g38pg
replied to comment f9g38pg
String found in commentf9g8a1b
replied to comment f9g8a1b
String found in commentf9gay18
replied to comment f9gay18
String found in comment f9gi324
replied to comment f9gi324
String found in comment f9gic8v
replied to comment f9gic8v
String found in comment f9gjqf6
replied to comment f9gjqf6
String found in comment f9gnlyp
replied to comment f9gnlyp
String found in comment f9gov9s
replied to comment f9gov9s
String found in commentf9h6r1f
replied to comment f9h6r1f
String found in commentf9h78jd
replied to comment f9h78jd
String found in comment f9h7g2y
replied to comment f9h7g2y
String found in commentf9h7kt3
replied to comment f9h7kt3
String found in comment f9h7y48
replied to comment f9h7y48
String found in commentf9h9ccp
replied to comment f9h9ccp
String found in commentf9ha0sy
replied to comment f9ha0sy
String found in commentf9ha8cl
replied to comment f9ha8cl
String found in comment f9hc30a
replied to comment f9hc30a
String found in comment f9hc8ik
replied to comment f9hc8ik
String found in commentf9hctbn
replied to comment f9hctbn
String found in comment f9hhbfg
replied to comment f9hhbfg
String found in commentf9hhhie
replied to comment f9hhhie
String found in comment f9hktit
replied to comment f9hktit
String found in commentf9hkwj9
replied to comment f9hkwj9
String found in commentf9hm5j1
replied to comment f9hm5j1
String found in comment f9hnhgy
replied to comment f9hnhgy
String found in comment f9hnz5n
replied to comment f9hnz5n
String found in comment f9hospk
replied to comment f9hospk
String found in commentf9hpflh
replied to comment f9hpflh
String found in comment f9hpjbw
replied to comment f9hpjbw
String found in commentf9hpxy6
replied to comment f9hpxy6
String found in comment f9hq5gr
replied to comment f9hq5gr
String found in comment f9hq8y1
replied to comment f9hq8y1
String found in commentf9hq9mc
replied to comment f9hq9mc
String found in comment f9hqacs
replied to comment f9hqacs
String found in comment f9hqfav
replied to comment f9hqfav
String found in comment f9hqjzd
replied to comment f9hqjzd
String found in comment f9hqosw
replied to comment f9hqosw
String found in comment f9hrgcl
replied to comment f9hrgcl
String found in comment f9htw5a
replied to comment f9htw5a
String found in comment f9hubfm
replied to comment f9hubfm
String found in commentf9huimp
replied to comment f9huimp
String found in comment f9hw7wz
replied to comment f9hw7wz
String found in comment f9hwfbp
replied to comment f9hwfbp
String found in comment f9hyh8p
replied to comment f9hyh8p
String found in comment f9hz7no
replied to comment f9hz7no
String found in comment f9hztaf
replied to comment f9hztaf
String found in commentf9hzzfl
replied to comment f9hzzfl
String found in comment f9i01lk
replied to comment f9i01lk
String found in commentf9i1yex
replied to comment f9i1yex
String found in commentf9i4n1m
replied to comment f9i4n1m
String found in comment f9i62zl
replied to comment f9i62zl
String found in comment f9i67oa
replied to comment f9i67oa
String found in comment f9i6v2o
replied to comment f9i6v2o
String found in commentf9i91xc
replied to comment f9i91xc
String found in commentf9i9cyv
replied to comment f9i9cyv
String found in comment f9i9kg2
replied to comment f9i9kg2
String found in commentf9iab4r
replied to comment f9iab4r
String found in commentf9iauun
replied to comment f9iauun
String found in commentf9ib5hy
replied to comment f9ib5hy
String found in commentf9id3ue
replied to comment f9id3ue
Traceback (most recent call last):
  File "/usr/lib/python3/dist-packages/urllib3/connection.py", line 159, in _new_conn
    (self._dns_host, self.port), self.timeout, **extra_kw)
  File "/usr/lib/python3/dist-packages/urllib3/util/connection.py", line 57, in create_connection
    for res in socket.getaddrinfo(host, port, family, socket.SOCK_STREAM):
  File "/usr/lib/python3.7/socket.py", line 748, in getaddrinfo
    for res in _socket.getaddrinfo(host, port, family, type, proto, flags):
socket.gaierror: [Errno -3] Temporary failure in name resolution

During handling of the above exception, another exception occurred:

Traceback (most recent call last):
  File "/usr/lib/python3/dist-packages/urllib3/connectionpool.py", line 600, in urlopen
    chunked=chunked)
  File "/usr/lib/python3/dist-packages/urllib3/connectionpool.py", line 343, in _make_request
    self._validate_conn(conn)
  File "/usr/lib/python3/dist-packages/urllib3/connectionpool.py", line 841, in _validate_conn
    conn.connect()
  File "/usr/lib/python3/dist-packages/urllib3/connection.py", line 301, in connect
    conn = self._new_conn()
  File "/usr/lib/python3/dist-packages/urllib3/connection.py", line 168, in _new_conn
    self, "Failed to establish a new connection: %s" % e)
urllib3.exceptions.NewConnectionError: <urllib3.connection.VerifiedHTTPSConnection object at 0x75e3b7f0>: Failed to establish a new connection: [Errno -3] Temporary failure in name resolution

During handling of the above exception, another exception occurred:

Traceback (most recent call last):
  File "/usr/lib/python3/dist-packages/requests/adapters.py", line 449, in send
    timeout=timeout
  File "/usr/lib/python3/dist-packages/urllib3/connectionpool.py", line 638, in urlopen
    _stacktrace=sys.exc_info()[2])
  File "/usr/lib/python3/dist-packages/urllib3/util/retry.py", line 398, in increment
    raise MaxRetryError(_pool, url, error or ResponseError(cause))
urllib3.exceptions.MaxRetryError: HTTPSConnectionPool(host='oauth.reddit.com', port=443): Max retries exceeded with url: /r/WetlanderHumor/comments/?limit=10&raw_json=1 (Caused by NewConnectionError('<urllib3.connection.VerifiedHTTPSConnection object at 0x75e3b7f0>: Failed to establish a new connection: [Errno -3] Temporary failure in name resolution'))

During handling of the above exception, another exception occurred:

Traceback (most recent call last):
  File "/home/pi/.local/lib/python3.7/site-packages/prawcore/requestor.py", line 47, in request
    return self._http.request(*args, timeout=TIMEOUT, **kwargs)
  File "/usr/lib/python3/dist-packages/requests/sessions.py", line 533, in request
    resp = self.send(prep, **send_kwargs)
  File "/usr/lib/python3/dist-packages/requests/sessions.py", line 646, in send
    r = adapter.send(request, **kwargs)
  File "/usr/lib/python3/dist-packages/requests/adapters.py", line 516, in send
    raise ConnectionError(e, request=request)
requests.exceptions.ConnectionError: HTTPSConnectionPool(host='oauth.reddit.com', port=443): Max retries exceeded with url: /r/WetlanderHumor/comments/?limit=10&raw_json=1 (Caused by NewConnectionError('<urllib3.connection.VerifiedHTTPSConnection object at 0x75e3b7f0>: Failed to establish a new connection: [Errno -3] Temporary failure in name resolution'))

During handling of the above exception, another exception occurred:

Traceback (most recent call last):
  File "LTT.py", line 257, in <module>
    run_bot(r, comments_replied_to, get_random_line, WholeWord)
  File "LTT.py", line 71, in run_bot
    for comment in r.subreddit('WetlanderHumor').comments(limit=10):
  File "/home/pi/.local/lib/python3.7/site-packages/praw/models/listing/generator.py", line 52, in __next__
    self._next_batch()
  File "/home/pi/.local/lib/python3.7/site-packages/praw/models/listing/generator.py", line 62, in _next_batch
    self._listing = self._reddit.get(self.url, params=self.params)
  File "/home/pi/.local/lib/python3.7/site-packages/praw/reddit.py", line 446, in get
    data = self.request("GET", path, params=params)
  File "/home/pi/.local/lib/python3.7/site-packages/praw/reddit.py", line 581, in request
    method, path, data=data, files=files, params=params
  File "/home/pi/.local/lib/python3.7/site-packages/prawcore/sessions.py", line 185, in request
    params=params, url=url)
  File "/home/pi/.local/lib/python3.7/site-packages/prawcore/sessions.py", line 128, in _request_with_retries
    retries, saved_exception, url)
  File "/home/pi/.local/lib/python3.7/site-packages/prawcore/sessions.py", line 94, in _do_retry
    params=params, url=url, retries=retries - 1)
  File "/home/pi/.local/lib/python3.7/site-packages/prawcore/sessions.py", line 128, in _request_with_retries
    retries, saved_exception, url)
  File "/home/pi/.local/lib/python3.7/site-packages/prawcore/sessions.py", line 94, in _do_retry
    params=params, url=url, retries=retries - 1)
  File "/home/pi/.local/lib/python3.7/site-packages/prawcore/sessions.py", line 116, in _request_with_retries
    data, files, json, method, params, retries, url)
  File "/home/pi/.local/lib/python3.7/site-packages/prawcore/sessions.py", line 101, in _make_request
    params=params)
  File "/home/pi/.local/lib/python3.7/site-packages/prawcore/rate_limit.py", line 36, in call
    response = request_function(*args, **kwargs)
  File "/home/pi/.local/lib/python3.7/site-packages/prawcore/requestor.py", line 49, in request
    raise RequestException(exc, args, kwargs)
prawcore.exceptions.RequestException: error with request HTTPSConnectionPool(host='oauth.reddit.com', port=443): Max retries exceeded with url: /r/WetlanderHumor/comments/?limit=10&raw_json=1 (Caused by NewConnectionError('<urllib3.connection.VerifiedHTTPSConnection object at 0x75e3b7f0>: Failed to establish a new connection: [Errno -3] Temporary failure in name resolution'))
String found in comment f9n2hco
replied to comment f9n2hco
String found in comment f9n4bno
replied to comment f9n4bno
String found in comment f9n5btg
replied to comment f9n5btg
String found in commentf9n5hp6
replied to comment f9n5hp6
String found in commentf9n6aiq
replied to comment f9n6aiq
String found in comment f9nwfhg
replied to comment f9nwfhg
String found in comment f9o1dlz
replied to comment f9o1dlz
String found in comment f9od238
replied to comment f9od238
String found in comment f9oflm2
replied to comment f9oflm2
String found in commentf9ogsrx
replied to comment f9ogsrx
String found in comment f9okqny
replied to comment f9okqny
String found in commentf9oku3k
replied to comment f9oku3k
String found in comment f9op6de
replied to comment f9op6de
Traceback (most recent call last):
  File "LTT.py", line 257, in <module>
    run_bot(r, comments_replied_to, get_random_line, WholeWord)
  File "LTT.py", line 71, in run_bot
    for comment in r.subreddit('WetlanderHumor').comments(limit=10):
  File "/home/pi/.local/lib/python3.7/site-packages/praw/models/listing/generator.py", line 52, in __next__
    self._next_batch()
  File "/home/pi/.local/lib/python3.7/site-packages/praw/models/listing/generator.py", line 62, in _next_batch
    self._listing = self._reddit.get(self.url, params=self.params)
  File "/home/pi/.local/lib/python3.7/site-packages/praw/reddit.py", line 446, in get
    data = self.request("GET", path, params=params)
  File "/home/pi/.local/lib/python3.7/site-packages/praw/reddit.py", line 581, in request
    method, path, data=data, files=files, params=params
  File "/home/pi/.local/lib/python3.7/site-packages/prawcore/sessions.py", line 185, in request
    params=params, url=url)
  File "/home/pi/.local/lib/python3.7/site-packages/prawcore/sessions.py", line 128, in _request_with_retries
    retries, saved_exception, url)
  File "/home/pi/.local/lib/python3.7/site-packages/prawcore/sessions.py", line 94, in _do_retry
    params=params, url=url, retries=retries - 1)
  File "/home/pi/.local/lib/python3.7/site-packages/prawcore/sessions.py", line 128, in _request_with_retries
    retries, saved_exception, url)
  File "/home/pi/.local/lib/python3.7/site-packages/prawcore/sessions.py", line 94, in _do_retry
    params=params, url=url, retries=retries - 1)
  File "/home/pi/.local/lib/python3.7/site-packages/prawcore/sessions.py", line 130, in _request_with_retries
    raise self.STATUS_EXCEPTIONS[response.status_code](response)
prawcore.exceptions.ServerError: received 503 HTTP response
Traceback (most recent call last):
  File "LTT.py", line 1, in <module>
    import praw
ImportError: No module named praw
Traceback (most recent call last):
  File "LTT.py", line 1, in <module>
    import praw
ImportError: No module named praw
String found in comment f9wjbv8
replied to comment f9wjbv8
String found in comment f9w5zj0
replied to comment f9w5zj0
String found in comment f9xfhi4
replied to comment f9xfhi4
String found in comment f9xfnr2
replied to comment f9xfnr2
String found in comment f9xjgwh
replied to comment f9xjgwh
String found in commentf9z3bux
replied to comment f9z3bux
String found in comment fa0dcu4
replied to comment fa0dcu4
String found in comment fa0izt8
replied to comment fa0izt8
String found in comment fa0sgok
replied to comment fa0sgok
String found in comment fa17fs1
replied to comment fa17fs1
String found in comment fa17ohg
replied to comment fa17ohg
String found in comment fa1mhy9
replied to comment fa1mhy9
String found in comment fa1zrd0
replied to comment fa1zrd0
String found in comment fa23xt1
replied to comment fa23xt1
String found in comment fa2g4w7
replied to comment fa2g4w7
String found in comment fa2t96n
replied to comment fa2t96n
String found in comment fa31o4d
replied to comment fa31o4d
String found in comment fa3uzh2
replied to comment fa3uzh2
String found in comment fa497le
replied to comment fa497le
String found in comment fa4fm8p
replied to comment fa4fm8p
String found in comment fa4yizq
replied to comment fa4yizq
String found in comment fa544p2
replied to comment fa544p2
String found in comment fa590bi
replied to comment fa590bi
String found in comment fa5jrz5
replied to comment fa5jrz5
String found in comment fa5lpp2
replied to comment fa5lpp2
Traceback (most recent call last):
  File "LTT.py", line 257, in <module>
    run_bot(r, comments_replied_to, get_random_line, WholeWord)
  File "LTT.py", line 71, in run_bot
    for comment in r.subreddit('WetlanderHumor').comments(limit=10):
  File "/home/pi/.local/lib/python3.7/site-packages/praw/models/listing/generator.py", line 52, in __next__
    self._next_batch()
  File "/home/pi/.local/lib/python3.7/site-packages/praw/models/listing/generator.py", line 62, in _next_batch
    self._listing = self._reddit.get(self.url, params=self.params)
  File "/home/pi/.local/lib/python3.7/site-packages/praw/reddit.py", line 446, in get
    data = self.request("GET", path, params=params)
  File "/home/pi/.local/lib/python3.7/site-packages/praw/reddit.py", line 581, in request
    method, path, data=data, files=files, params=params
  File "/home/pi/.local/lib/python3.7/site-packages/prawcore/sessions.py", line 185, in request
    params=params, url=url)
  File "/home/pi/.local/lib/python3.7/site-packages/prawcore/sessions.py", line 128, in _request_with_retries
    retries, saved_exception, url)
  File "/home/pi/.local/lib/python3.7/site-packages/prawcore/sessions.py", line 94, in _do_retry
    params=params, url=url, retries=retries - 1)
  File "/home/pi/.local/lib/python3.7/site-packages/prawcore/sessions.py", line 128, in _request_with_retries
    retries, saved_exception, url)
  File "/home/pi/.local/lib/python3.7/site-packages/prawcore/sessions.py", line 94, in _do_retry
    params=params, url=url, retries=retries - 1)
  File "/home/pi/.local/lib/python3.7/site-packages/prawcore/sessions.py", line 130, in _request_with_retries
    raise self.STATUS_EXCEPTIONS[response.status_code](response)
prawcore.exceptions.ServerError: received 503 HTTP response
String found in comment faa1f5l
replied to comment faa1f5l
String found in commentfaaq20b
replied to comment faaq20b
String found in comment faavnly
replied to comment faavnly
String found in comment fab0jrd
replied to comment fab0jrd
String found in comment fabxdrm
replied to comment fabxdrm
String found in comment fadjsyx
replied to comment fadjsyx
String found in comment fadkvh7
replied to comment fadkvh7
String found in comment fadrqkn
replied to comment fadrqkn
String found in comment fadtffn
replied to comment fadtffn
String found in comment fae00wv
replied to comment fae00wv
String found in comment fae16is
replied to comment fae16is
String found in comment fae5dz7
replied to comment fae5dz7
String found in comment fae87tb
replied to comment fae87tb
String found in comment fae96mp
replied to comment fae96mp
String found in comment faeecnr
replied to comment faeecnr
String found in comment faef5yj
replied to comment faef5yj
String found in comment faehepg
replied to comment faehepg
String found in comment faeuztn
replied to comment faeuztn
String found in comment faf1vx1
replied to comment faf1vx1
String found in comment faf1ywo
replied to comment faf1ywo
String found in comment faf249i
replied to comment faf249i
Traceback (most recent call last):
  File "LTT.py", line 257, in <module>
    run_bot(r, comments_replied_to, get_random_line, WholeWord)
  File "LTT.py", line 71, in run_bot
    for comment in r.subreddit('WetlanderHumor').comments(limit=10):
  File "/home/pi/.local/lib/python3.7/site-packages/praw/models/listing/generator.py", line 52, in __next__
    self._next_batch()
  File "/home/pi/.local/lib/python3.7/site-packages/praw/models/listing/generator.py", line 62, in _next_batch
    self._listing = self._reddit.get(self.url, params=self.params)
  File "/home/pi/.local/lib/python3.7/site-packages/praw/reddit.py", line 446, in get
    data = self.request("GET", path, params=params)
  File "/home/pi/.local/lib/python3.7/site-packages/praw/reddit.py", line 581, in request
    method, path, data=data, files=files, params=params
  File "/home/pi/.local/lib/python3.7/site-packages/prawcore/sessions.py", line 185, in request
    params=params, url=url)
  File "/home/pi/.local/lib/python3.7/site-packages/prawcore/sessions.py", line 128, in _request_with_retries
    retries, saved_exception, url)
  File "/home/pi/.local/lib/python3.7/site-packages/prawcore/sessions.py", line 94, in _do_retry
    params=params, url=url, retries=retries - 1)
  File "/home/pi/.local/lib/python3.7/site-packages/prawcore/sessions.py", line 128, in _request_with_retries
    retries, saved_exception, url)
  File "/home/pi/.local/lib/python3.7/site-packages/prawcore/sessions.py", line 94, in _do_retry
    params=params, url=url, retries=retries - 1)
  File "/home/pi/.local/lib/python3.7/site-packages/prawcore/sessions.py", line 130, in _request_with_retries
    raise self.STATUS_EXCEPTIONS[response.status_code](response)
prawcore.exceptions.ServerError: received 503 HTTP response
